

Version:	3.50
CmdLine:	C:\Users\ERARD\IdeaProjects\ResumeDeLivre\ResumeDeLivre.exe --l4j-debug
JNI:		No
WOW64:		Yes
Working dir:	C:\Users\ERARD\IdeaProjects\ResumeDeLivre\.
Requires JDK:	No
Requires 64-Bit: No
Java min ver:	
Java max ver:	
Substitute:	JAVA_HOME = 
Substitute:	PATH = C:\Program Files\Common Files\Oracle\Java\javapath;C:\Program Files (x86)\Common Files\Oracle\Java\javapath;C:\VulkanSDK\1.3.216.0\Bin;C:\ProgramData\Oracle\Java\javapath;C:\Program Files (x86)\Intel\iCLS Client\;C:\Program Files\Intel\iCLS Client\;C:\WINDOWS\system32;C:\WINDOWS;C:\WINDOWS\System32\Wbem;C:\WINDOWS\System32\WindowsPowerShell\v1.0\;C:\Program Files (x86)\Intel\Intel(R) Management Engine Components\DAL;C:\Program Files\Intel\Intel(R) Management Engine Components\DAL;C:\Program Files (x86)\Intel\Intel(R) Management Engine Components\IPT;C:\Program Files\Intel\Intel(R) Management Engine Components\IPT;C:\Program Files (x86)\GtkSharp\2.12\bin;C:\WINDOWS\System32\OpenSSH\;C:\Program Files (x86)\NVIDIA Corporation\PhysX\Common;C:\WINDOWS\system32;C:\WINDOWS;C:\WINDOWS\System32\Wbem;C:\WINDOWS\System32\WindowsPowerShell\v1.0\;C:\WINDOWS\System32\OpenSSH\;C:\Program Files\WorldPainter;C:\Program Files\dotnet\;C:\Program Files\nodejs\;C:\Windows\Microsoft.NET\Framework\v4.0.30319;C:\Program Files\Microsoft SQL Server\150\Tools\Binn\;C:\Program Files\Microsoft SQL Server\Client SDK\ODBC\170\Tools\Binn\;C:\Program Files\NVIDIA Corporation\NVIDIA NvDLISR;C:\Users\ERARD\AppData\Local\Programs\Python\Python310\Scripts\;C:\Users\ERARD\AppData\Local\Programs\Python\Python310\;C:\Users\ERARD\AppData\Local\Programs\Python\Python39\Scripts\;C:\Users\ERARD\AppData\Local\Programs\Python\Python39\;C:\Users\ERARD\AppData\Local\Microsoft\WindowsApps;C:\Users\ERARD\AppData\Roaming\Dashlane\4.6.6.23032\bin\Firefox_Extension\{442718d9-475e-452a-b3e1-fb1ee16b8e9f}\components;C:\Users\ERARD\AppData\Roaming\Dashlane\6.0.3.11395\bin\Firefox_Extension\{442718d9-475e-452a-b3e1-fb1ee16b8e9f}\components;C:\Users\ERARD\AppData\Roaming\Dashlane\6.0.3.11395\ucrt;C:\Users\ERARD\AppData\Roaming\Dashlane\6.0.3.11395\bin\Qt;C:\Users\ERARD\AppData\Roaming\Dashlane\6.0.3.11395\ucrt;C:\Users\ERARD\AppData\Roaming\Dashlane\6.0.3.11395\bin\Ssl;C:\Users\ERARD\AppData\Local\Programs\Microsoft VS Code\bin;C:\Program Files\JetBrains\PyCharm Community Edition 2020.1.2\bin;C:\Users\ERARD\.dotnet\tools;C:\Users\ERARD\AppData\Roaming\npm;C:\Program Files\JetBrains\IntelliJ IDEA Community Edition 2023.1.3\bin;C:\Program Files\Java\jre-1.8\bin
JRE paths:	;C:\Program Files\Common Files\Oracle\Java\javapath;C:\Program Files (x86)\Common Files\Oracle\Java\javapath;C:\VulkanSDK\1.3.216.0\Bin;C:\ProgramData\Oracle\Java\javapath;C:\Program Files (x86)\Intel\iCLS Client\;C:\Program Files\Intel\iCLS Client\;C:\WINDOWS\system32;C:\WINDOWS;C:\WINDOWS\System32\Wbem;C:\WINDOWS\System32\WindowsPowerShell\v1.0\;C:\Program Files (x86)\Intel\Intel(R) Management Engine Components\DAL;C:\Program Files\Intel\Intel(R) Management Engine Components\DAL;C:\Program Files (x86)\Intel\Intel(R) Management Engine Components\IPT;C:\Program Files\Intel\Intel(R) Management Engine Components\IPT;C:\Program Files (x86)\GtkSharp\2.12\bin;C:\WINDOWS\System32\OpenSSH\;C:\Program Files (x86)\NVIDIA Corporation\PhysX\Common;C:\WINDOWS\system32;C:\WINDOWS;C:\WINDOWS\System32\Wbem;C:\WINDOWS\System32\WindowsPowerShell\v1.0\;C:\WINDOWS\System32\OpenSSH\;C:\Program Files\WorldPainter;C:\Program Files\dotnet\;C:\Program Files\nodejs\;C:\Windows\Microsoft.NET\Framework\v4.0.30319;C:\Program Files\Microsoft SQL Server\150\Tools\Binn\;C:\Program Files\Microsoft SQL Server\Client SDK\ODBC\170\Tools\Binn\;C:\Program Files\NVIDIA Corporation\NVIDIA NvDLISR;C:\Users\ERARD\AppData\Local\Programs\Python\Python310\Scripts\;C:\Users\ERARD\AppData\Local\Programs\Python\Python310\;C:\Users\ERARD\AppData\Local\Programs\Python\Python39\Scripts\;C:\Users\ERARD\AppData\Local\Programs\Python\Python39\;C:\Users\ERARD\AppData\Local\Microsoft\WindowsApps;C:\Users\ERARD\AppData\Roaming\Dashlane\4.6.6.23032\bin\Firefox_Extension\{442718d9-475e-452a-b3e1-fb1ee16b8e9f}\components;C:\Users\ERARD\AppData\Roaming\Dashlane\6.0.3.11395\bin\Firefox_Extension\{442718d9-475e-452a-b3e1-fb1ee16b8e9f}\components;C:\Users\ERARD\AppData\Roaming\Dashlane\6.0.3.11395\ucrt;C:\Users\ERARD\AppData\Roaming\Dashlane\6.0.3.11395\bin\Qt;C:\Users\ERARD\AppData\Roaming\Dashlane\6.0.3.11395\ucrt;C:\Users\ERARD\AppData\Roaming\Dashlane\6.0.3.11395\bin\Ssl;C:\Users\ERARD\AppData\Local\Programs\Microsoft VS Code\bin;C:\Program Files\JetBrains\PyCharm Community Edition 2020.1.2\bin;C:\Users\ERARD\.dotnet\tools;C:\Users\ERARD\AppData\Roaming\npm;C:\Program Files\JetBrains\IntelliJ IDEA Community Edition 2023.1.3\bin;C:\Program Files\Java\jre-1.8\bin
Check launcher:	C:\Program Files\Common Files\Oracle\Java\javapath\bin\javaw.exe (not found)
Check launcher:	C:\Program Files (x86)\Common Files\Oracle\Java\javapath\bin\javaw.exe (not found)
Check launcher:	C:\VulkanSDK\1.3.216.0\bin\javaw.exe (not found)
Check launcher:	C:\ProgramData\Oracle\Java\javapath\bin\javaw.exe (not found)
Check launcher:	C:\Program Files (x86)\Intel\iCLS Client\bin\javaw.exe (not found)
Check launcher:	C:\Program Files\Intel\iCLS Client\bin\javaw.exe (not found)
Check launcher:	C:\WINDOWS\system32\bin\javaw.exe (not found)
Check launcher:	C:\WINDOWS\bin\javaw.exe (not found)
Check launcher:	C:\WINDOWS\System32\Wbem\bin\javaw.exe (not found)
Check launcher:	C:\WINDOWS\System32\WindowsPowerShell\v1.0\bin\javaw.exe (not found)
Check launcher:	C:\Program Files (x86)\Intel\Intel(R) Management Engine Components\DAL\bin\javaw.exe (not found)
Check launcher:	C:\Program Files\Intel\Intel(R) Management Engine Components\DAL\bin\javaw.exe (not found)
Check launcher:	C:\Program Files (x86)\Intel\Intel(R) Management Engine Components\IPT\bin\javaw.exe (not found)
Check launcher:	C:\Program Files\Intel\Intel(R) Management Engine Components\IPT\bin\javaw.exe (not found)
Check launcher:	C:\Program Files (x86)\GtkSharp\2.12\bin\javaw.exe (not found)
Check launcher:	C:\WINDOWS\System32\OpenSSH\bin\javaw.exe (not found)
Check launcher:	C:\Program Files (x86)\NVIDIA Corporation\PhysX\Common\bin\javaw.exe (not found)
Check launcher:	C:\WINDOWS\system32\bin\javaw.exe (not found)
Check launcher:	C:\WINDOWS\bin\javaw.exe (not found)
Check launcher:	C:\WINDOWS\System32\Wbem\bin\javaw.exe (not found)
Check launcher:	C:\WINDOWS\System32\WindowsPowerShell\v1.0\bin\javaw.exe (not found)
Check launcher:	C:\WINDOWS\System32\OpenSSH\bin\javaw.exe (not found)
Check launcher:	C:\Program Files\WorldPainter\bin\javaw.exe (not found)
Check launcher:	C:\Program Files\dotnet\bin\javaw.exe (not found)
Check launcher:	C:\Program Files\nodejs\bin\javaw.exe (not found)
Check launcher:	C:\Windows\Microsoft.NET\Framework\v4.0.30319\bin\javaw.exe (not found)
Check launcher:	C:\Program Files\Microsoft SQL Server\150\Tools\Binn\bin\javaw.exe (not found)
Check launcher:	C:\Program Files\Microsoft SQL Server\Client SDK\ODBC\170\Tools\Binn\bin\javaw.exe (not found)
Check launcher:	C:\Program Files\NVIDIA Corporation\NVIDIA NvDLISR\bin\javaw.exe (not found)
Check launcher:	C:\Users\ERARD\AppData\Local\Programs\Python\Python310\Scripts\bin\javaw.exe (not found)
Check launcher:	C:\Users\ERARD\AppData\Local\Programs\Python\Python310\bin\javaw.exe (not found)
Check launcher:	C:\Users\ERARD\AppData\Local\Programs\Python\Python39\Scripts\bin\javaw.exe (not found)
Check launcher:	C:\Users\ERARD\AppData\Local\Programs\Python\Python39\bin\javaw.exe (not found)
Check launcher:	C:\Users\ERARD\AppData\Local\Microsoft\WindowsApps\bin\javaw.exe (not found)
Check launcher:	C:\Users\ERARD\AppData\Roaming\Dashlane\4.6.6.23032\bin\Firefox_Extension\{442718d9-475e-452a-b3e1-fb1ee16b8e9f}\components\bin\javaw.exe (not found)
Check launcher:	C:\Users\ERARD\AppData\Roaming\Dashlane\6.0.3.11395\bin\Firefox_Extension\{442718d9-475e-452a-b3e1-fb1ee16b8e9f}\components\bin\javaw.exe (not found)
Check launcher:	C:\Users\ERARD\AppData\Roaming\Dashlane\6.0.3.11395\ucrt\bin\javaw.exe (not found)
Check launcher:	C:\Users\ERARD\AppData\Roaming\Dashlane\6.0.3.11395\bin\Qt\bin\javaw.exe (not found)
Check launcher:	C:\Users\ERARD\AppData\Roaming\Dashlane\6.0.3.11395\ucrt\bin\javaw.exe (not found)
Check launcher:	C:\Users\ERARD\AppData\Roaming\Dashlane\6.0.3.11395\bin\Ssl\bin\javaw.exe (not found)
Check launcher:	C:\Users\ERARD\AppData\Local\Programs\Microsoft VS Code\bin\javaw.exe (not found)
Check launcher:	C:\Program Files\JetBrains\PyCharm Community Edition 2020.1.2\bin\javaw.exe (not found)
Check launcher:	C:\Users\ERARD\.dotnet\tools\bin\javaw.exe (not found)
Check launcher:	C:\Users\ERARD\AppData\Roaming\npm\bin\javaw.exe (not found)
Check launcher:	C:\Program Files\JetBrains\IntelliJ IDEA Community Edition 2023.1.3\bin\javaw.exe (not found)
Check launcher:	C:\Program Files\Java\jre-1.8\bin\javaw.exe (OK)
Version string: 1.008.000_381 / 64-Bit (OK)
Launcher:	C:\Program Files\Java\jre-1.8\bin\javaw.exe
Launcher args:	-jar "C:\Users\ERARD\IdeaProjects\ResumeDeLivre\ResumeDeLivre.exe"
Args length:	66/32768 chars
Exit code:	0


Version:	3.50
CmdLine:	C:\Users\ERARD\IdeaProjects\ResumeDeLivre\ResumeDeLivre.exe --l4j-debug
JNI:		No
WOW64:		Yes
Working dir:	C:\Users\ERARD\IdeaProjects\ResumeDeLivre\.
Requires JDK:	No
Requires 64-Bit: No
Java min ver:	
Java max ver:	
Substitute:	JAVA_HOME = 
Substitute:	PATH = C:\Program Files\Common Files\Oracle\Java\javapath;C:\Program Files (x86)\Common Files\Oracle\Java\javapath;C:\VulkanSDK\1.3.216.0\Bin;C:\ProgramData\Oracle\Java\javapath;C:\Program Files (x86)\Intel\iCLS Client\;C:\Program Files\Intel\iCLS Client\;C:\WINDOWS\system32;C:\WINDOWS;C:\WINDOWS\System32\Wbem;C:\WINDOWS\System32\WindowsPowerShell\v1.0\;C:\Program Files (x86)\Intel\Intel(R) Management Engine Components\DAL;C:\Program Files\Intel\Intel(R) Management Engine Components\DAL;C:\Program Files (x86)\Intel\Intel(R) Management Engine Components\IPT;C:\Program Files\Intel\Intel(R) Management Engine Components\IPT;C:\Program Files (x86)\GtkSharp\2.12\bin;C:\WINDOWS\System32\OpenSSH\;C:\Program Files (x86)\NVIDIA Corporation\PhysX\Common;C:\WINDOWS\system32;C:\WINDOWS;C:\WINDOWS\System32\Wbem;C:\WINDOWS\System32\WindowsPowerShell\v1.0\;C:\WINDOWS\System32\OpenSSH\;C:\Program Files\WorldPainter;C:\Program Files\dotnet\;C:\Program Files\nodejs\;C:\Windows\Microsoft.NET\Framework\v4.0.30319;C:\Program Files\Microsoft SQL Server\150\Tools\Binn\;C:\Program Files\Microsoft SQL Server\Client SDK\ODBC\170\Tools\Binn\;C:\Program Files\NVIDIA Corporation\NVIDIA NvDLISR;C:\Users\ERARD\AppData\Local\Programs\Python\Python310\Scripts\;C:\Users\ERARD\AppData\Local\Programs\Python\Python310\;C:\Users\ERARD\AppData\Local\Programs\Python\Python39\Scripts\;C:\Users\ERARD\AppData\Local\Programs\Python\Python39\;C:\Users\ERARD\AppData\Local\Microsoft\WindowsApps;C:\Users\ERARD\AppData\Roaming\Dashlane\4.6.6.23032\bin\Firefox_Extension\{442718d9-475e-452a-b3e1-fb1ee16b8e9f}\components;C:\Users\ERARD\AppData\Roaming\Dashlane\6.0.3.11395\bin\Firefox_Extension\{442718d9-475e-452a-b3e1-fb1ee16b8e9f}\components;C:\Users\ERARD\AppData\Roaming\Dashlane\6.0.3.11395\ucrt;C:\Users\ERARD\AppData\Roaming\Dashlane\6.0.3.11395\bin\Qt;C:\Users\ERARD\AppData\Roaming\Dashlane\6.0.3.11395\ucrt;C:\Users\ERARD\AppData\Roaming\Dashlane\6.0.3.11395\bin\Ssl;C:\Users\ERARD\AppData\Local\Programs\Microsoft VS Code\bin;C:\Program Files\JetBrains\PyCharm Community Edition 2020.1.2\bin;C:\Users\ERARD\.dotnet\tools;C:\Users\ERARD\AppData\Roaming\npm;C:\Program Files\JetBrains\IntelliJ IDEA Community Edition 2023.1.3\bin;C:\Program Files\Java\jre-1.8\bin
JRE paths:	;C:\Program Files\Common Files\Oracle\Java\javapath;C:\Program Files (x86)\Common Files\Oracle\Java\javapath;C:\VulkanSDK\1.3.216.0\Bin;C:\ProgramData\Oracle\Java\javapath;C:\Program Files (x86)\Intel\iCLS Client\;C:\Program Files\Intel\iCLS Client\;C:\WINDOWS\system32;C:\WINDOWS;C:\WINDOWS\System32\Wbem;C:\WINDOWS\System32\WindowsPowerShell\v1.0\;C:\Program Files (x86)\Intel\Intel(R) Management Engine Components\DAL;C:\Program Files\Intel\Intel(R) Management Engine Components\DAL;C:\Program Files (x86)\Intel\Intel(R) Management Engine Components\IPT;C:\Program Files\Intel\Intel(R) Management Engine Components\IPT;C:\Program Files (x86)\GtkSharp\2.12\bin;C:\WINDOWS\System32\OpenSSH\;C:\Program Files (x86)\NVIDIA Corporation\PhysX\Common;C:\WINDOWS\system32;C:\WINDOWS;C:\WINDOWS\System32\Wbem;C:\WINDOWS\System32\WindowsPowerShell\v1.0\;C:\WINDOWS\System32\OpenSSH\;C:\Program Files\WorldPainter;C:\Program Files\dotnet\;C:\Program Files\nodejs\;C:\Windows\Microsoft.NET\Framework\v4.0.30319;C:\Program Files\Microsoft SQL Server\150\Tools\Binn\;C:\Program Files\Microsoft SQL Server\Client SDK\ODBC\170\Tools\Binn\;C:\Program Files\NVIDIA Corporation\NVIDIA NvDLISR;C:\Users\ERARD\AppData\Local\Programs\Python\Python310\Scripts\;C:\Users\ERARD\AppData\Local\Programs\Python\Python310\;C:\Users\ERARD\AppData\Local\Programs\Python\Python39\Scripts\;C:\Users\ERARD\AppData\Local\Programs\Python\Python39\;C:\Users\ERARD\AppData\Local\Microsoft\WindowsApps;C:\Users\ERARD\AppData\Roaming\Dashlane\4.6.6.23032\bin\Firefox_Extension\{442718d9-475e-452a-b3e1-fb1ee16b8e9f}\components;C:\Users\ERARD\AppData\Roaming\Dashlane\6.0.3.11395\bin\Firefox_Extension\{442718d9-475e-452a-b3e1-fb1ee16b8e9f}\components;C:\Users\ERARD\AppData\Roaming\Dashlane\6.0.3.11395\ucrt;C:\Users\ERARD\AppData\Roaming\Dashlane\6.0.3.11395\bin\Qt;C:\Users\ERARD\AppData\Roaming\Dashlane\6.0.3.11395\ucrt;C:\Users\ERARD\AppData\Roaming\Dashlane\6.0.3.11395\bin\Ssl;C:\Users\ERARD\AppData\Local\Programs\Microsoft VS Code\bin;C:\Program Files\JetBrains\PyCharm Community Edition 2020.1.2\bin;C:\Users\ERARD\.dotnet\tools;C:\Users\ERARD\AppData\Roaming\npm;C:\Program Files\JetBrains\IntelliJ IDEA Community Edition 2023.1.3\bin;C:\Program Files\Java\jre-1.8\bin
Check launcher:	C:\Program Files\Common Files\Oracle\Java\javapath\bin\javaw.exe (not found)
Check launcher:	C:\Program Files (x86)\Common Files\Oracle\Java\javapath\bin\javaw.exe (not found)
Check launcher:	C:\VulkanSDK\1.3.216.0\bin\javaw.exe (not found)
Check launcher:	C:\ProgramData\Oracle\Java\javapath\bin\javaw.exe (not found)
Check launcher:	C:\Program Files (x86)\Intel\iCLS Client\bin\javaw.exe (not found)
Check launcher:	C:\Program Files\Intel\iCLS Client\bin\javaw.exe (not found)
Check launcher:	C:\WINDOWS\system32\bin\javaw.exe (not found)
Check launcher:	C:\WINDOWS\bin\javaw.exe (not found)
Check launcher:	C:\WINDOWS\System32\Wbem\bin\javaw.exe (not found)
Check launcher:	C:\WINDOWS\System32\WindowsPowerShell\v1.0\bin\javaw.exe (not found)
Check launcher:	C:\Program Files (x86)\Intel\Intel(R) Management Engine Components\DAL\bin\javaw.exe (not found)
Check launcher:	C:\Program Files\Intel\Intel(R) Management Engine Components\DAL\bin\javaw.exe (not found)
Check launcher:	C:\Program Files (x86)\Intel\Intel(R) Management Engine Components\IPT\bin\javaw.exe (not found)
Check launcher:	C:\Program Files\Intel\Intel(R) Management Engine Components\IPT\bin\javaw.exe (not found)
Check launcher:	C:\Program Files (x86)\GtkSharp\2.12\bin\javaw.exe (not found)
Check launcher:	C:\WINDOWS\System32\OpenSSH\bin\javaw.exe (not found)
Check launcher:	C:\Program Files (x86)\NVIDIA Corporation\PhysX\Common\bin\javaw.exe (not found)
Check launcher:	C:\WINDOWS\system32\bin\javaw.exe (not found)
Check launcher:	C:\WINDOWS\bin\javaw.exe (not found)
Check launcher:	C:\WINDOWS\System32\Wbem\bin\javaw.exe (not found)
Check launcher:	C:\WINDOWS\System32\WindowsPowerShell\v1.0\bin\javaw.exe (not found)
Check launcher:	C:\WINDOWS\System32\OpenSSH\bin\javaw.exe (not found)
Check launcher:	C:\Program Files\WorldPainter\bin\javaw.exe (not found)
Check launcher:	C:\Program Files\dotnet\bin\javaw.exe (not found)
Check launcher:	C:\Program Files\nodejs\bin\javaw.exe (not found)
Check launcher:	C:\Windows\Microsoft.NET\Framework\v4.0.30319\bin\javaw.exe (not found)
Check launcher:	C:\Program Files\Microsoft SQL Server\150\Tools\Binn\bin\javaw.exe (not found)
Check launcher:	C:\Program Files\Microsoft SQL Server\Client SDK\ODBC\170\Tools\Binn\bin\javaw.exe (not found)
Check launcher:	C:\Program Files\NVIDIA Corporation\NVIDIA NvDLISR\bin\javaw.exe (not found)
Check launcher:	C:\Users\ERARD\AppData\Local\Programs\Python\Python310\Scripts\bin\javaw.exe (not found)
Check launcher:	C:\Users\ERARD\AppData\Local\Programs\Python\Python310\bin\javaw.exe (not found)
Check launcher:	C:\Users\ERARD\AppData\Local\Programs\Python\Python39\Scripts\bin\javaw.exe (not found)
Check launcher:	C:\Users\ERARD\AppData\Local\Programs\Python\Python39\bin\javaw.exe (not found)
Check launcher:	C:\Users\ERARD\AppData\Local\Microsoft\WindowsApps\bin\javaw.exe (not found)
Check launcher:	C:\Users\ERARD\AppData\Roaming\Dashlane\4.6.6.23032\bin\Firefox_Extension\{442718d9-475e-452a-b3e1-fb1ee16b8e9f}\components\bin\javaw.exe (not found)
Check launcher:	C:\Users\ERARD\AppData\Roaming\Dashlane\6.0.3.11395\bin\Firefox_Extension\{442718d9-475e-452a-b3e1-fb1ee16b8e9f}\components\bin\javaw.exe (not found)
Check launcher:	C:\Users\ERARD\AppData\Roaming\Dashlane\6.0.3.11395\ucrt\bin\javaw.exe (not found)
Check launcher:	C:\Users\ERARD\AppData\Roaming\Dashlane\6.0.3.11395\bin\Qt\bin\javaw.exe (not found)
Check launcher:	C:\Users\ERARD\AppData\Roaming\Dashlane\6.0.3.11395\ucrt\bin\javaw.exe (not found)
Check launcher:	C:\Users\ERARD\AppData\Roaming\Dashlane\6.0.3.11395\bin\Ssl\bin\javaw.exe (not found)
Check launcher:	C:\Users\ERARD\AppData\Local\Programs\Microsoft VS Code\bin\javaw.exe (not found)
Check launcher:	C:\Program Files\JetBrains\PyCharm Community Edition 2020.1.2\bin\javaw.exe (not found)
Check launcher:	C:\Users\ERARD\.dotnet\tools\bin\javaw.exe (not found)
Check launcher:	C:\Users\ERARD\AppData\Roaming\npm\bin\javaw.exe (not found)
Check launcher:	C:\Program Files\JetBrains\IntelliJ IDEA Community Edition 2023.1.3\bin\javaw.exe (not found)
Check launcher:	C:\Program Files\Java\jre-1.8\bin\javaw.exe (OK)
Version string: 1.008.000_381 / 64-Bit (OK)
Launcher:	C:\Program Files\Java\jre-1.8\bin\javaw.exe
Launcher args:	-jar "C:\Users\ERARD\IdeaProjects\ResumeDeLivre\ResumeDeLivre.exe"
Args length:	66/32768 chars
Exit code:	0


Version:	3.50
CmdLine:	C:\Users\ERARD\IdeaProjects\ResumeDeLivre\ResumeDeLivre.exe --l4j-debug
JNI:		No
WOW64:		Yes
Working dir:	C:\Users\ERARD\IdeaProjects\ResumeDeLivre\.
Requires JDK:	No
Requires 64-Bit: No
Java min ver:	
Java max ver:	
Substitute:	JAVA_HOME = 
Substitute:	PATH = C:\Program Files\Common Files\Oracle\Java\javapath;C:\Program Files (x86)\Common Files\Oracle\Java\javapath;C:\VulkanSDK\1.3.216.0\Bin;C:\ProgramData\Oracle\Java\javapath;C:\Program Files (x86)\Intel\iCLS Client\;C:\Program Files\Intel\iCLS Client\;C:\WINDOWS\system32;C:\WINDOWS;C:\WINDOWS\System32\Wbem;C:\WINDOWS\System32\WindowsPowerShell\v1.0\;C:\Program Files (x86)\Intel\Intel(R) Management Engine Components\DAL;C:\Program Files\Intel\Intel(R) Management Engine Components\DAL;C:\Program Files (x86)\Intel\Intel(R) Management Engine Components\IPT;C:\Program Files\Intel\Intel(R) Management Engine Components\IPT;C:\Program Files (x86)\GtkSharp\2.12\bin;C:\WINDOWS\System32\OpenSSH\;C:\Program Files (x86)\NVIDIA Corporation\PhysX\Common;C:\WINDOWS\system32;C:\WINDOWS;C:\WINDOWS\System32\Wbem;C:\WINDOWS\System32\WindowsPowerShell\v1.0\;C:\WINDOWS\System32\OpenSSH\;C:\Program Files\WorldPainter;C:\Program Files\dotnet\;C:\Program Files\nodejs\;C:\Windows\Microsoft.NET\Framework\v4.0.30319;C:\Program Files\Microsoft SQL Server\150\Tools\Binn\;C:\Program Files\Microsoft SQL Server\Client SDK\ODBC\170\Tools\Binn\;C:\Program Files\NVIDIA Corporation\NVIDIA NvDLISR;C:\Users\ERARD\AppData\Local\Programs\Python\Python310\Scripts\;C:\Users\ERARD\AppData\Local\Programs\Python\Python310\;C:\Users\ERARD\AppData\Local\Programs\Python\Python39\Scripts\;C:\Users\ERARD\AppData\Local\Programs\Python\Python39\;C:\Users\ERARD\AppData\Local\Microsoft\WindowsApps;C:\Users\ERARD\AppData\Roaming\Dashlane\4.6.6.23032\bin\Firefox_Extension\{442718d9-475e-452a-b3e1-fb1ee16b8e9f}\components;C:\Users\ERARD\AppData\Roaming\Dashlane\6.0.3.11395\bin\Firefox_Extension\{442718d9-475e-452a-b3e1-fb1ee16b8e9f}\components;C:\Users\ERARD\AppData\Roaming\Dashlane\6.0.3.11395\ucrt;C:\Users\ERARD\AppData\Roaming\Dashlane\6.0.3.11395\bin\Qt;C:\Users\ERARD\AppData\Roaming\Dashlane\6.0.3.11395\ucrt;C:\Users\ERARD\AppData\Roaming\Dashlane\6.0.3.11395\bin\Ssl;C:\Users\ERARD\AppData\Local\Programs\Microsoft VS Code\bin;C:\Program Files\JetBrains\PyCharm Community Edition 2020.1.2\bin;C:\Users\ERARD\.dotnet\tools;C:\Users\ERARD\AppData\Roaming\npm;C:\Program Files\JetBrains\IntelliJ IDEA Community Edition 2023.1.3\bin;C:\Program Files\Java\jre-1.8\bin
JRE paths:	;C:\Program Files\Common Files\Oracle\Java\javapath;C:\Program Files (x86)\Common Files\Oracle\Java\javapath;C:\VulkanSDK\1.3.216.0\Bin;C:\ProgramData\Oracle\Java\javapath;C:\Program Files (x86)\Intel\iCLS Client\;C:\Program Files\Intel\iCLS Client\;C:\WINDOWS\system32;C:\WINDOWS;C:\WINDOWS\System32\Wbem;C:\WINDOWS\System32\WindowsPowerShell\v1.0\;C:\Program Files (x86)\Intel\Intel(R) Management Engine Components\DAL;C:\Program Files\Intel\Intel(R) Management Engine Components\DAL;C:\Program Files (x86)\Intel\Intel(R) Management Engine Components\IPT;C:\Program Files\Intel\Intel(R) Management Engine Components\IPT;C:\Program Files (x86)\GtkSharp\2.12\bin;C:\WINDOWS\System32\OpenSSH\;C:\Program Files (x86)\NVIDIA Corporation\PhysX\Common;C:\WINDOWS\system32;C:\WINDOWS;C:\WINDOWS\System32\Wbem;C:\WINDOWS\System32\WindowsPowerShell\v1.0\;C:\WINDOWS\System32\OpenSSH\;C:\Program Files\WorldPainter;C:\Program Files\dotnet\;C:\Program Files\nodejs\;C:\Windows\Microsoft.NET\Framework\v4.0.30319;C:\Program Files\Microsoft SQL Server\150\Tools\Binn\;C:\Program Files\Microsoft SQL Server\Client SDK\ODBC\170\Tools\Binn\;C:\Program Files\NVIDIA Corporation\NVIDIA NvDLISR;C:\Users\ERARD\AppData\Local\Programs\Python\Python310\Scripts\;C:\Users\ERARD\AppData\Local\Programs\Python\Python310\;C:\Users\ERARD\AppData\Local\Programs\Python\Python39\Scripts\;C:\Users\ERARD\AppData\Local\Programs\Python\Python39\;C:\Users\ERARD\AppData\Local\Microsoft\WindowsApps;C:\Users\ERARD\AppData\Roaming\Dashlane\4.6.6.23032\bin\Firefox_Extension\{442718d9-475e-452a-b3e1-fb1ee16b8e9f}\components;C:\Users\ERARD\AppData\Roaming\Dashlane\6.0.3.11395\bin\Firefox_Extension\{442718d9-475e-452a-b3e1-fb1ee16b8e9f}\components;C:\Users\ERARD\AppData\Roaming\Dashlane\6.0.3.11395\ucrt;C:\Users\ERARD\AppData\Roaming\Dashlane\6.0.3.11395\bin\Qt;C:\Users\ERARD\AppData\Roaming\Dashlane\6.0.3.11395\ucrt;C:\Users\ERARD\AppData\Roaming\Dashlane\6.0.3.11395\bin\Ssl;C:\Users\ERARD\AppData\Local\Programs\Microsoft VS Code\bin;C:\Program Files\JetBrains\PyCharm Community Edition 2020.1.2\bin;C:\Users\ERARD\.dotnet\tools;C:\Users\ERARD\AppData\Roaming\npm;C:\Program Files\JetBrains\IntelliJ IDEA Community Edition 2023.1.3\bin;C:\Program Files\Java\jre-1.8\bin
Check launcher:	C:\Program Files\Common Files\Oracle\Java\javapath\bin\javaw.exe (not found)
Check launcher:	C:\Program Files (x86)\Common Files\Oracle\Java\javapath\bin\javaw.exe (not found)
Check launcher:	C:\VulkanSDK\1.3.216.0\bin\javaw.exe (not found)
Check launcher:	C:\ProgramData\Oracle\Java\javapath\bin\javaw.exe (not found)
Check launcher:	C:\Program Files (x86)\Intel\iCLS Client\bin\javaw.exe (not found)
Check launcher:	C:\Program Files\Intel\iCLS Client\bin\javaw.exe (not found)
Check launcher:	C:\WINDOWS\system32\bin\javaw.exe (not found)
Check launcher:	C:\WINDOWS\bin\javaw.exe (not found)
Check launcher:	C:\WINDOWS\System32\Wbem\bin\javaw.exe (not found)
Check launcher:	C:\WINDOWS\System32\WindowsPowerShell\v1.0\bin\javaw.exe (not found)
Check launcher:	C:\Program Files (x86)\Intel\Intel(R) Management Engine Components\DAL\bin\javaw.exe (not found)
Check launcher:	C:\Program Files\Intel\Intel(R) Management Engine Components\DAL\bin\javaw.exe (not found)
Check launcher:	C:\Program Files (x86)\Intel\Intel(R) Management Engine Components\IPT\bin\javaw.exe (not found)
Check launcher:	C:\Program Files\Intel\Intel(R) Management Engine Components\IPT\bin\javaw.exe (not found)
Check launcher:	C:\Program Files (x86)\GtkSharp\2.12\bin\javaw.exe (not found)
Check launcher:	C:\WINDOWS\System32\OpenSSH\bin\javaw.exe (not found)
Check launcher:	C:\Program Files (x86)\NVIDIA Corporation\PhysX\Common\bin\javaw.exe (not found)
Check launcher:	C:\WINDOWS\system32\bin\javaw.exe (not found)
Check launcher:	C:\WINDOWS\bin\javaw.exe (not found)
Check launcher:	C:\WINDOWS\System32\Wbem\bin\javaw.exe (not found)
Check launcher:	C:\WINDOWS\System32\WindowsPowerShell\v1.0\bin\javaw.exe (not found)
Check launcher:	C:\WINDOWS\System32\OpenSSH\bin\javaw.exe (not found)
Check launcher:	C:\Program Files\WorldPainter\bin\javaw.exe (not found)
Check launcher:	C:\Program Files\dotnet\bin\javaw.exe (not found)
Check launcher:	C:\Program Files\nodejs\bin\javaw.exe (not found)
Check launcher:	C:\Windows\Microsoft.NET\Framework\v4.0.30319\bin\javaw.exe (not found)
Check launcher:	C:\Program Files\Microsoft SQL Server\150\Tools\Binn\bin\javaw.exe (not found)
Check launcher:	C:\Program Files\Microsoft SQL Server\Client SDK\ODBC\170\Tools\Binn\bin\javaw.exe (not found)
Check launcher:	C:\Program Files\NVIDIA Corporation\NVIDIA NvDLISR\bin\javaw.exe (not found)
Check launcher:	C:\Users\ERARD\AppData\Local\Programs\Python\Python310\Scripts\bin\javaw.exe (not found)
Check launcher:	C:\Users\ERARD\AppData\Local\Programs\Python\Python310\bin\javaw.exe (not found)
Check launcher:	C:\Users\ERARD\AppData\Local\Programs\Python\Python39\Scripts\bin\javaw.exe (not found)
Check launcher:	C:\Users\ERARD\AppData\Local\Programs\Python\Python39\bin\javaw.exe (not found)
Check launcher:	C:\Users\ERARD\AppData\Local\Microsoft\WindowsApps\bin\javaw.exe (not found)
Check launcher:	C:\Users\ERARD\AppData\Roaming\Dashlane\4.6.6.23032\bin\Firefox_Extension\{442718d9-475e-452a-b3e1-fb1ee16b8e9f}\components\bin\javaw.exe (not found)
Check launcher:	C:\Users\ERARD\AppData\Roaming\Dashlane\6.0.3.11395\bin\Firefox_Extension\{442718d9-475e-452a-b3e1-fb1ee16b8e9f}\components\bin\javaw.exe (not found)
Check launcher:	C:\Users\ERARD\AppData\Roaming\Dashlane\6.0.3.11395\ucrt\bin\javaw.exe (not found)
Check launcher:	C:\Users\ERARD\AppData\Roaming\Dashlane\6.0.3.11395\bin\Qt\bin\javaw.exe (not found)
Check launcher:	C:\Users\ERARD\AppData\Roaming\Dashlane\6.0.3.11395\ucrt\bin\javaw.exe (not found)
Check launcher:	C:\Users\ERARD\AppData\Roaming\Dashlane\6.0.3.11395\bin\Ssl\bin\javaw.exe (not found)
Check launcher:	C:\Users\ERARD\AppData\Local\Programs\Microsoft VS Code\bin\javaw.exe (not found)
Check launcher:	C:\Program Files\JetBrains\PyCharm Community Edition 2020.1.2\bin\javaw.exe (not found)
Check launcher:	C:\Users\ERARD\.dotnet\tools\bin\javaw.exe (not found)
Check launcher:	C:\Users\ERARD\AppData\Roaming\npm\bin\javaw.exe (not found)
Check launcher:	C:\Program Files\JetBrains\IntelliJ IDEA Community Edition 2023.1.3\bin\javaw.exe (not found)
Check launcher:	C:\Program Files\Java\jre-1.8\bin\javaw.exe (OK)
Version string: 1.008.000_381 / 64-Bit (OK)
Launcher:	C:\Program Files\Java\jre-1.8\bin\javaw.exe
Launcher args:	-jar "C:\Users\ERARD\IdeaProjects\ResumeDeLivre\ResumeDeLivre.exe"
Args length:	66/32768 chars
Exit code:	0


Version:	3.50
CmdLine:	C:\Users\ERARD\IdeaProjects\ResumeDeLivre\ResumeDeLivre.exe --l4j-debug
JNI:		No
WOW64:		Yes
Working dir:	C:\Users\ERARD\IdeaProjects\ResumeDeLivre\.
Requires JDK:	No
Requires 64-Bit: No
Java min ver:	
Java max ver:	
Substitute:	JAVA_HOME = 
Substitute:	PATH = C:\Program Files\Common Files\Oracle\Java\javapath;C:\Program Files (x86)\Common Files\Oracle\Java\javapath;C:\VulkanSDK\1.3.216.0\Bin;C:\ProgramData\Oracle\Java\javapath;C:\Program Files (x86)\Intel\iCLS Client\;C:\Program Files\Intel\iCLS Client\;C:\WINDOWS\system32;C:\WINDOWS;C:\WINDOWS\System32\Wbem;C:\WINDOWS\System32\WindowsPowerShell\v1.0\;C:\Program Files (x86)\Intel\Intel(R) Management Engine Components\DAL;C:\Program Files\Intel\Intel(R) Management Engine Components\DAL;C:\Program Files (x86)\Intel\Intel(R) Management Engine Components\IPT;C:\Program Files\Intel\Intel(R) Management Engine Components\IPT;C:\Program Files (x86)\GtkSharp\2.12\bin;C:\WINDOWS\System32\OpenSSH\;C:\Program Files (x86)\NVIDIA Corporation\PhysX\Common;C:\WINDOWS\system32;C:\WINDOWS;C:\WINDOWS\System32\Wbem;C:\WINDOWS\System32\WindowsPowerShell\v1.0\;C:\WINDOWS\System32\OpenSSH\;C:\Program Files\WorldPainter;C:\Program Files\dotnet\;C:\Program Files\nodejs\;C:\Windows\Microsoft.NET\Framework\v4.0.30319;C:\Program Files\Microsoft SQL Server\150\Tools\Binn\;C:\Program Files\Microsoft SQL Server\Client SDK\ODBC\170\Tools\Binn\;C:\Program Files\NVIDIA Corporation\NVIDIA NvDLISR;C:\Users\ERARD\AppData\Local\Programs\Python\Python310\Scripts\;C:\Users\ERARD\AppData\Local\Programs\Python\Python310\;C:\Users\ERARD\AppData\Local\Programs\Python\Python39\Scripts\;C:\Users\ERARD\AppData\Local\Programs\Python\Python39\;C:\Users\ERARD\AppData\Local\Microsoft\WindowsApps;C:\Users\ERARD\AppData\Roaming\Dashlane\4.6.6.23032\bin\Firefox_Extension\{442718d9-475e-452a-b3e1-fb1ee16b8e9f}\components;C:\Users\ERARD\AppData\Roaming\Dashlane\6.0.3.11395\bin\Firefox_Extension\{442718d9-475e-452a-b3e1-fb1ee16b8e9f}\components;C:\Users\ERARD\AppData\Roaming\Dashlane\6.0.3.11395\ucrt;C:\Users\ERARD\AppData\Roaming\Dashlane\6.0.3.11395\bin\Qt;C:\Users\ERARD\AppData\Roaming\Dashlane\6.0.3.11395\ucrt;C:\Users\ERARD\AppData\Roaming\Dashlane\6.0.3.11395\bin\Ssl;;C:\Users\ERARD\AppData\Local\Programs\Microsoft VS Code\bin;C:\Program Files\JetBrains\PyCharm Community Edition 2020.1.2\bin;;C:\Users\ERARD\.dotnet\tools;C:\Users\ERARD\AppData\Roaming\npm;C:\Program Files\JetBrains\IntelliJ IDEA Community Edition 2023.1.3\bin;;C:\Program Files\Java\jre-1.8\bin
JRE paths:	;C:\Program Files\Common Files\Oracle\Java\javapath;C:\Program Files (x86)\Common Files\Oracle\Java\javapath;C:\VulkanSDK\1.3.216.0\Bin;C:\ProgramData\Oracle\Java\javapath;C:\Program Files (x86)\Intel\iCLS Client\;C:\Program Files\Intel\iCLS Client\;C:\WINDOWS\system32;C:\WINDOWS;C:\WINDOWS\System32\Wbem;C:\WINDOWS\System32\WindowsPowerShell\v1.0\;C:\Program Files (x86)\Intel\Intel(R) Management Engine Components\DAL;C:\Program Files\Intel\Intel(R) Management Engine Components\DAL;C:\Program Files (x86)\Intel\Intel(R) Management Engine Components\IPT;C:\Program Files\Intel\Intel(R) Management Engine Components\IPT;C:\Program Files (x86)\GtkSharp\2.12\bin;C:\WINDOWS\System32\OpenSSH\;C:\Program Files (x86)\NVIDIA Corporation\PhysX\Common;C:\WINDOWS\system32;C:\WINDOWS;C:\WINDOWS\System32\Wbem;C:\WINDOWS\System32\WindowsPowerShell\v1.0\;C:\WINDOWS\System32\OpenSSH\;C:\Program Files\WorldPainter;C:\Program Files\dotnet\;C:\Program Files\nodejs\;C:\Windows\Microsoft.NET\Framework\v4.0.30319;C:\Program Files\Microsoft SQL Server\150\Tools\Binn\;C:\Program Files\Microsoft SQL Server\Client SDK\ODBC\170\Tools\Binn\;C:\Program Files\NVIDIA Corporation\NVIDIA NvDLISR;C:\Users\ERARD\AppData\Local\Programs\Python\Python310\Scripts\;C:\Users\ERARD\AppData\Local\Programs\Python\Python310\;C:\Users\ERARD\AppData\Local\Programs\Python\Python39\Scripts\;C:\Users\ERARD\AppData\Local\Programs\Python\Python39\;C:\Users\ERARD\AppData\Local\Microsoft\WindowsApps;C:\Users\ERARD\AppData\Roaming\Dashlane\4.6.6.23032\bin\Firefox_Extension\{442718d9-475e-452a-b3e1-fb1ee16b8e9f}\components;C:\Users\ERARD\AppData\Roaming\Dashlane\6.0.3.11395\bin\Firefox_Extension\{442718d9-475e-452a-b3e1-fb1ee16b8e9f}\components;C:\Users\ERARD\AppData\Roaming\Dashlane\6.0.3.11395\ucrt;C:\Users\ERARD\AppData\Roaming\Dashlane\6.0.3.11395\bin\Qt;C:\Users\ERARD\AppData\Roaming\Dashlane\6.0.3.11395\ucrt;C:\Users\ERARD\AppData\Roaming\Dashlane\6.0.3.11395\bin\Ssl;;C:\Users\ERARD\AppData\Local\Programs\Microsoft VS Code\bin;C:\Program Files\JetBrains\PyCharm Community Edition 2020.1.2\bin;;C:\Users\ERARD\.dotnet\tools;C:\Users\ERARD\AppData\Roaming\npm;C:\Program Files\JetBrains\IntelliJ IDEA Community Edition 2023.1.3\bin;;C:\Program Files\Java\jre-1.8\bin
Check launcher:	C:\Program Files\Common Files\Oracle\Java\javapath\bin\javaw.exe (not found)
Check launcher:	C:\Program Files (x86)\Common Files\Oracle\Java\javapath\bin\javaw.exe (not found)
Check launcher:	C:\VulkanSDK\1.3.216.0\bin\javaw.exe (not found)
Check launcher:	C:\ProgramData\Oracle\Java\javapath\bin\javaw.exe (not found)
Check launcher:	C:\Program Files (x86)\Intel\iCLS Client\bin\javaw.exe (not found)
Check launcher:	C:\Program Files\Intel\iCLS Client\bin\javaw.exe (not found)
Check launcher:	C:\WINDOWS\system32\bin\javaw.exe (not found)
Check launcher:	C:\WINDOWS\bin\javaw.exe (not found)
Check launcher:	C:\WINDOWS\System32\Wbem\bin\javaw.exe (not found)
Check launcher:	C:\WINDOWS\System32\WindowsPowerShell\v1.0\bin\javaw.exe (not found)
Check launcher:	C:\Program Files (x86)\Intel\Intel(R) Management Engine Components\DAL\bin\javaw.exe (not found)
Check launcher:	C:\Program Files\Intel\Intel(R) Management Engine Components\DAL\bin\javaw.exe (not found)
Check launcher:	C:\Program Files (x86)\Intel\Intel(R) Management Engine Components\IPT\bin\javaw.exe (not found)
Check launcher:	C:\Program Files\Intel\Intel(R) Management Engine Components\IPT\bin\javaw.exe (not found)
Check launcher:	C:\Program Files (x86)\GtkSharp\2.12\bin\javaw.exe (not found)
Check launcher:	C:\WINDOWS\System32\OpenSSH\bin\javaw.exe (not found)
Check launcher:	C:\Program Files (x86)\NVIDIA Corporation\PhysX\Common\bin\javaw.exe (not found)
Check launcher:	C:\WINDOWS\system32\bin\javaw.exe (not found)
Check launcher:	C:\WINDOWS\bin\javaw.exe (not found)
Check launcher:	C:\WINDOWS\System32\Wbem\bin\javaw.exe (not found)
Check launcher:	C:\WINDOWS\System32\WindowsPowerShell\v1.0\bin\javaw.exe (not found)
Check launcher:	C:\WINDOWS\System32\OpenSSH\bin\javaw.exe (not found)
Check launcher:	C:\Program Files\WorldPainter\bin\javaw.exe (not found)
Check launcher:	C:\Program Files\dotnet\bin\javaw.exe (not found)
Check launcher:	C:\Program Files\nodejs\bin\javaw.exe (not found)
Check launcher:	C:\Windows\Microsoft.NET\Framework\v4.0.30319\bin\javaw.exe (not found)
Check launcher:	C:\Program Files\Microsoft SQL Server\150\Tools\Binn\bin\javaw.exe (not found)
Check launcher:	C:\Program Files\Microsoft SQL Server\Client SDK\ODBC\170\Tools\Binn\bin\javaw.exe (not found)
Check launcher:	C:\Program Files\NVIDIA Corporation\NVIDIA NvDLISR\bin\javaw.exe (not found)
Check launcher:	C:\Users\ERARD\AppData\Local\Programs\Python\Python310\Scripts\bin\javaw.exe (not found)
Check launcher:	C:\Users\ERARD\AppData\Local\Programs\Python\Python310\bin\javaw.exe (not found)
Check launcher:	C:\Users\ERARD\AppData\Local\Programs\Python\Python39\Scripts\bin\javaw.exe (not found)
Check launcher:	C:\Users\ERARD\AppData\Local\Programs\Python\Python39\bin\javaw.exe (not found)
Check launcher:	C:\Users\ERARD\AppData\Local\Microsoft\WindowsApps\bin\javaw.exe (not found)
Check launcher:	C:\Users\ERARD\AppData\Roaming\Dashlane\4.6.6.23032\bin\Firefox_Extension\{442718d9-475e-452a-b3e1-fb1ee16b8e9f}\components\bin\javaw.exe (not found)
Check launcher:	C:\Users\ERARD\AppData\Roaming\Dashlane\6.0.3.11395\bin\Firefox_Extension\{442718d9-475e-452a-b3e1-fb1ee16b8e9f}\components\bin\javaw.exe (not found)
Check launcher:	C:\Users\ERARD\AppData\Roaming\Dashlane\6.0.3.11395\ucrt\bin\javaw.exe (not found)
Check launcher:	C:\Users\ERARD\AppData\Roaming\Dashlane\6.0.3.11395\bin\Qt\bin\javaw.exe (not found)
Check launcher:	C:\Users\ERARD\AppData\Roaming\Dashlane\6.0.3.11395\ucrt\bin\javaw.exe (not found)
Check launcher:	C:\Users\ERARD\AppData\Roaming\Dashlane\6.0.3.11395\bin\Ssl\bin\javaw.exe (not found)
Check launcher:	C:\Users\ERARD\AppData\Local\Programs\Microsoft VS Code\bin\javaw.exe (not found)
Check launcher:	C:\Program Files\JetBrains\PyCharm Community Edition 2020.1.2\bin\javaw.exe (not found)
Check launcher:	C:\Users\ERARD\.dotnet\tools\bin\javaw.exe (not found)
Check launcher:	C:\Users\ERARD\AppData\Roaming\npm\bin\javaw.exe (not found)
Check launcher:	C:\Program Files\JetBrains\IntelliJ IDEA Community Edition 2023.1.3\bin\javaw.exe (not found)
Check launcher:	C:\Program Files\Java\jre-1.8\bin\javaw.exe (OK)
Version string: 1.008.000_381 / 64-Bit (OK)
Launcher:	C:\Program Files\Java\jre-1.8\bin\javaw.exe
Launcher args:	-jar "C:\Users\ERARD\IdeaProjects\ResumeDeLivre\ResumeDeLivre.exe"
Args length:	66/32768 chars
Exit code:	0


Version:	3.50
CmdLine:	C:\Users\ERARD\IdeaProjects\ResumeDeLivre\ResumeDeLivre.exe --l4j-debug
JNI:		No
WOW64:		Yes
Working dir:	C:\Users\ERARD\IdeaProjects\ResumeDeLivre\.
Requires JDK:	No
Requires 64-Bit: No
Java min ver:	
Java max ver:	
Substitute:	JAVA_HOME = 
Substitute:	PATH = C:\Program Files\Common Files\Oracle\Java\javapath;C:\Program Files (x86)\Common Files\Oracle\Java\javapath;C:\VulkanSDK\1.3.216.0\Bin;C:\ProgramData\Oracle\Java\javapath;C:\Program Files (x86)\Intel\iCLS Client\;C:\Program Files\Intel\iCLS Client\;C:\WINDOWS\system32;C:\WINDOWS;C:\WINDOWS\System32\Wbem;C:\WINDOWS\System32\WindowsPowerShell\v1.0\;C:\Program Files (x86)\Intel\Intel(R) Management Engine Components\DAL;C:\Program Files\Intel\Intel(R) Management Engine Components\DAL;C:\Program Files (x86)\Intel\Intel(R) Management Engine Components\IPT;C:\Program Files\Intel\Intel(R) Management Engine Components\IPT;C:\Program Files (x86)\GtkSharp\2.12\bin;C:\WINDOWS\System32\OpenSSH\;C:\Program Files (x86)\NVIDIA Corporation\PhysX\Common;C:\WINDOWS\system32;C:\WINDOWS;C:\WINDOWS\System32\Wbem;C:\WINDOWS\System32\WindowsPowerShell\v1.0\;C:\WINDOWS\System32\OpenSSH\;C:\Program Files\WorldPainter;C:\Program Files\dotnet\;C:\Program Files\nodejs\;C:\Windows\Microsoft.NET\Framework\v4.0.30319;C:\Program Files\Microsoft SQL Server\150\Tools\Binn\;C:\Program Files\Microsoft SQL Server\Client SDK\ODBC\170\Tools\Binn\;C:\Program Files\NVIDIA Corporation\NVIDIA NvDLISR;C:\Users\ERARD\AppData\Local\Programs\Python\Python310\Scripts\;C:\Users\ERARD\AppData\Local\Programs\Python\Python310\;C:\Users\ERARD\AppData\Local\Programs\Python\Python39\Scripts\;C:\Users\ERARD\AppData\Local\Programs\Python\Python39\;C:\Users\ERARD\AppData\Local\Microsoft\WindowsApps;C:\Users\ERARD\AppData\Roaming\Dashlane\4.6.6.23032\bin\Firefox_Extension\{442718d9-475e-452a-b3e1-fb1ee16b8e9f}\components;C:\Users\ERARD\AppData\Roaming\Dashlane\6.0.3.11395\bin\Firefox_Extension\{442718d9-475e-452a-b3e1-fb1ee16b8e9f}\components;C:\Users\ERARD\AppData\Roaming\Dashlane\6.0.3.11395\ucrt;C:\Users\ERARD\AppData\Roaming\Dashlane\6.0.3.11395\bin\Qt;C:\Users\ERARD\AppData\Roaming\Dashlane\6.0.3.11395\ucrt;C:\Users\ERARD\AppData\Roaming\Dashlane\6.0.3.11395\bin\Ssl;;C:\Users\ERARD\AppData\Local\Programs\Microsoft VS Code\bin;C:\Program Files\JetBrains\PyCharm Community Edition 2020.1.2\bin;;C:\Users\ERARD\.dotnet\tools;C:\Users\ERARD\AppData\Roaming\npm;C:\Program Files\JetBrains\IntelliJ IDEA Community Edition 2023.1.3\bin;;C:\Program Files\Java\jre-1.8\bin
JRE paths:	;C:\Program Files\Common Files\Oracle\Java\javapath;C:\Program Files (x86)\Common Files\Oracle\Java\javapath;C:\VulkanSDK\1.3.216.0\Bin;C:\ProgramData\Oracle\Java\javapath;C:\Program Files (x86)\Intel\iCLS Client\;C:\Program Files\Intel\iCLS Client\;C:\WINDOWS\system32;C:\WINDOWS;C:\WINDOWS\System32\Wbem;C:\WINDOWS\System32\WindowsPowerShell\v1.0\;C:\Program Files (x86)\Intel\Intel(R) Management Engine Components\DAL;C:\Program Files\Intel\Intel(R) Management Engine Components\DAL;C:\Program Files (x86)\Intel\Intel(R) Management Engine Components\IPT;C:\Program Files\Intel\Intel(R) Management Engine Components\IPT;C:\Program Files (x86)\GtkSharp\2.12\bin;C:\WINDOWS\System32\OpenSSH\;C:\Program Files (x86)\NVIDIA Corporation\PhysX\Common;C:\WINDOWS\system32;C:\WINDOWS;C:\WINDOWS\System32\Wbem;C:\WINDOWS\System32\WindowsPowerShell\v1.0\;C:\WINDOWS\System32\OpenSSH\;C:\Program Files\WorldPainter;C:\Program Files\dotnet\;C:\Program Files\nodejs\;C:\Windows\Microsoft.NET\Framework\v4.0.30319;C:\Program Files\Microsoft SQL Server\150\Tools\Binn\;C:\Program Files\Microsoft SQL Server\Client SDK\ODBC\170\Tools\Binn\;C:\Program Files\NVIDIA Corporation\NVIDIA NvDLISR;C:\Users\ERARD\AppData\Local\Programs\Python\Python310\Scripts\;C:\Users\ERARD\AppData\Local\Programs\Python\Python310\;C:\Users\ERARD\AppData\Local\Programs\Python\Python39\Scripts\;C:\Users\ERARD\AppData\Local\Programs\Python\Python39\;C:\Users\ERARD\AppData\Local\Microsoft\WindowsApps;C:\Users\ERARD\AppData\Roaming\Dashlane\4.6.6.23032\bin\Firefox_Extension\{442718d9-475e-452a-b3e1-fb1ee16b8e9f}\components;C:\Users\ERARD\AppData\Roaming\Dashlane\6.0.3.11395\bin\Firefox_Extension\{442718d9-475e-452a-b3e1-fb1ee16b8e9f}\components;C:\Users\ERARD\AppData\Roaming\Dashlane\6.0.3.11395\ucrt;C:\Users\ERARD\AppData\Roaming\Dashlane\6.0.3.11395\bin\Qt;C:\Users\ERARD\AppData\Roaming\Dashlane\6.0.3.11395\ucrt;C:\Users\ERARD\AppData\Roaming\Dashlane\6.0.3.11395\bin\Ssl;;C:\Users\ERARD\AppData\Local\Programs\Microsoft VS Code\bin;C:\Program Files\JetBrains\PyCharm Community Edition 2020.1.2\bin;;C:\Users\ERARD\.dotnet\tools;C:\Users\ERARD\AppData\Roaming\npm;C:\Program Files\JetBrains\IntelliJ IDEA Community Edition 2023.1.3\bin;;C:\Program Files\Java\jre-1.8\bin
Check launcher:	C:\Program Files\Common Files\Oracle\Java\javapath\bin\javaw.exe (not found)
Check launcher:	C:\Program Files (x86)\Common Files\Oracle\Java\javapath\bin\javaw.exe (not found)
Check launcher:	C:\VulkanSDK\1.3.216.0\bin\javaw.exe (not found)
Check launcher:	C:\ProgramData\Oracle\Java\javapath\bin\javaw.exe (not found)
Check launcher:	C:\Program Files (x86)\Intel\iCLS Client\bin\javaw.exe (not found)
Check launcher:	C:\Program Files\Intel\iCLS Client\bin\javaw.exe (not found)
Check launcher:	C:\WINDOWS\system32\bin\javaw.exe (not found)
Check launcher:	C:\WINDOWS\bin\javaw.exe (not found)
Check launcher:	C:\WINDOWS\System32\Wbem\bin\javaw.exe (not found)
Check launcher:	C:\WINDOWS\System32\WindowsPowerShell\v1.0\bin\javaw.exe (not found)
Check launcher:	C:\Program Files (x86)\Intel\Intel(R) Management Engine Components\DAL\bin\javaw.exe (not found)
Check launcher:	C:\Program Files\Intel\Intel(R) Management Engine Components\DAL\bin\javaw.exe (not found)
Check launcher:	C:\Program Files (x86)\Intel\Intel(R) Management Engine Components\IPT\bin\javaw.exe (not found)
Check launcher:	C:\Program Files\Intel\Intel(R) Management Engine Components\IPT\bin\javaw.exe (not found)
Check launcher:	C:\Program Files (x86)\GtkSharp\2.12\bin\javaw.exe (not found)
Check launcher:	C:\WINDOWS\System32\OpenSSH\bin\javaw.exe (not found)
Check launcher:	C:\Program Files (x86)\NVIDIA Corporation\PhysX\Common\bin\javaw.exe (not found)
Check launcher:	C:\WINDOWS\system32\bin\javaw.exe (not found)
Check launcher:	C:\WINDOWS\bin\javaw.exe (not found)
Check launcher:	C:\WINDOWS\System32\Wbem\bin\javaw.exe (not found)
Check launcher:	C:\WINDOWS\System32\WindowsPowerShell\v1.0\bin\javaw.exe (not found)
Check launcher:	C:\WINDOWS\System32\OpenSSH\bin\javaw.exe (not found)
Check launcher:	C:\Program Files\WorldPainter\bin\javaw.exe (not found)
Check launcher:	C:\Program Files\dotnet\bin\javaw.exe (not found)
Check launcher:	C:\Program Files\nodejs\bin\javaw.exe (not found)
Check launcher:	C:\Windows\Microsoft.NET\Framework\v4.0.30319\bin\javaw.exe (not found)
Check launcher:	C:\Program Files\Microsoft SQL Server\150\Tools\Binn\bin\javaw.exe (not found)
Check launcher:	C:\Program Files\Microsoft SQL Server\Client SDK\ODBC\170\Tools\Binn\bin\javaw.exe (not found)
Check launcher:	C:\Program Files\NVIDIA Corporation\NVIDIA NvDLISR\bin\javaw.exe (not found)
Check launcher:	C:\Users\ERARD\AppData\Local\Programs\Python\Python310\Scripts\bin\javaw.exe (not found)
Check launcher:	C:\Users\ERARD\AppData\Local\Programs\Python\Python310\bin\javaw.exe (not found)
Check launcher:	C:\Users\ERARD\AppData\Local\Programs\Python\Python39\Scripts\bin\javaw.exe (not found)
Check launcher:	C:\Users\ERARD\AppData\Local\Programs\Python\Python39\bin\javaw.exe (not found)
Check launcher:	C:\Users\ERARD\AppData\Local\Microsoft\WindowsApps\bin\javaw.exe (not found)
Check launcher:	C:\Users\ERARD\AppData\Roaming\Dashlane\4.6.6.23032\bin\Firefox_Extension\{442718d9-475e-452a-b3e1-fb1ee16b8e9f}\components\bin\javaw.exe (not found)
Check launcher:	C:\Users\ERARD\AppData\Roaming\Dashlane\6.0.3.11395\bin\Firefox_Extension\{442718d9-475e-452a-b3e1-fb1ee16b8e9f}\components\bin\javaw.exe (not found)
Check launcher:	C:\Users\ERARD\AppData\Roaming\Dashlane\6.0.3.11395\ucrt\bin\javaw.exe (not found)
Check launcher:	C:\Users\ERARD\AppData\Roaming\Dashlane\6.0.3.11395\bin\Qt\bin\javaw.exe (not found)
Check launcher:	C:\Users\ERARD\AppData\Roaming\Dashlane\6.0.3.11395\ucrt\bin\javaw.exe (not found)
Check launcher:	C:\Users\ERARD\AppData\Roaming\Dashlane\6.0.3.11395\bin\Ssl\bin\javaw.exe (not found)
Check launcher:	C:\Users\ERARD\AppData\Local\Programs\Microsoft VS Code\bin\javaw.exe (not found)
Check launcher:	C:\Program Files\JetBrains\PyCharm Community Edition 2020.1.2\bin\javaw.exe (not found)
Check launcher:	C:\Users\ERARD\.dotnet\tools\bin\javaw.exe (not found)
Check launcher:	C:\Users\ERARD\AppData\Roaming\npm\bin\javaw.exe (not found)
Check launcher:	C:\Program Files\JetBrains\IntelliJ IDEA Community Edition 2023.1.3\bin\javaw.exe (not found)
Check launcher:	C:\Program Files\Java\jre-1.8\bin\javaw.exe (OK)
Version string: 1.008.000_381 / 64-Bit (OK)
Launcher:	C:\Program Files\Java\jre-1.8\bin\javaw.exe
Launcher args:	-jar "C:\Users\ERARD\IdeaProjects\ResumeDeLivre\ResumeDeLivre.exe"
Args length:	66/32768 chars
Exit code:	0


Version:	3.50
CmdLine:	C:\Users\ERARD\IdeaProjects\ResumeDeLivre\ResumeDeLivre.exe --l4j-debug
JNI:		No
WOW64:		Yes
Working dir:	C:\Users\ERARD\IdeaProjects\ResumeDeLivre\.
Requires JDK:	No
Requires 64-Bit: No
Java min ver:	
Java max ver:	
Substitute:	JAVA_HOME = 
Substitute:	PATH = C:\Program Files\Common Files\Oracle\Java\javapath;C:\Program Files (x86)\Common Files\Oracle\Java\javapath;C:\VulkanSDK\1.3.216.0\Bin;C:\ProgramData\Oracle\Java\javapath;C:\Program Files (x86)\Intel\iCLS Client\;C:\Program Files\Intel\iCLS Client\;C:\WINDOWS\system32;C:\WINDOWS;C:\WINDOWS\System32\Wbem;C:\WINDOWS\System32\WindowsPowerShell\v1.0\;C:\Program Files (x86)\Intel\Intel(R) Management Engine Components\DAL;C:\Program Files\Intel\Intel(R) Management Engine Components\DAL;C:\Program Files (x86)\Intel\Intel(R) Management Engine Components\IPT;C:\Program Files\Intel\Intel(R) Management Engine Components\IPT;C:\Program Files (x86)\GtkSharp\2.12\bin;C:\WINDOWS\System32\OpenSSH\;C:\Program Files (x86)\NVIDIA Corporation\PhysX\Common;C:\WINDOWS\system32;C:\WINDOWS;C:\WINDOWS\System32\Wbem;C:\WINDOWS\System32\WindowsPowerShell\v1.0\;C:\WINDOWS\System32\OpenSSH\;C:\Program Files\WorldPainter;C:\Program Files\dotnet\;C:\Program Files\nodejs\;C:\Windows\Microsoft.NET\Framework\v4.0.30319;C:\Program Files\Microsoft SQL Server\150\Tools\Binn\;C:\Program Files\Microsoft SQL Server\Client SDK\ODBC\170\Tools\Binn\;C:\Program Files\NVIDIA Corporation\NVIDIA NvDLISR;C:\Users\ERARD\AppData\Local\Programs\Python\Python310\Scripts\;C:\Users\ERARD\AppData\Local\Programs\Python\Python310\;C:\Users\ERARD\AppData\Local\Programs\Python\Python39\Scripts\;C:\Users\ERARD\AppData\Local\Programs\Python\Python39\;C:\Users\ERARD\AppData\Local\Microsoft\WindowsApps;C:\Users\ERARD\AppData\Roaming\Dashlane\4.6.6.23032\bin\Firefox_Extension\{442718d9-475e-452a-b3e1-fb1ee16b8e9f}\components;C:\Users\ERARD\AppData\Roaming\Dashlane\6.0.3.11395\bin\Firefox_Extension\{442718d9-475e-452a-b3e1-fb1ee16b8e9f}\components;C:\Users\ERARD\AppData\Roaming\Dashlane\6.0.3.11395\ucrt;C:\Users\ERARD\AppData\Roaming\Dashlane\6.0.3.11395\bin\Qt;C:\Users\ERARD\AppData\Roaming\Dashlane\6.0.3.11395\ucrt;C:\Users\ERARD\AppData\Roaming\Dashlane\6.0.3.11395\bin\Ssl;;C:\Users\ERARD\AppData\Local\Programs\Microsoft VS Code\bin;C:\Program Files\JetBrains\PyCharm Community Edition 2020.1.2\bin;;C:\Users\ERARD\.dotnet\tools;C:\Users\ERARD\AppData\Roaming\npm;C:\Program Files\JetBrains\IntelliJ IDEA Community Edition 2023.1.3\bin;;C:\Program Files\Java\jre-1.8\bin
JRE paths:	;C:\Program Files\Common Files\Oracle\Java\javapath;C:\Program Files (x86)\Common Files\Oracle\Java\javapath;C:\VulkanSDK\1.3.216.0\Bin;C:\ProgramData\Oracle\Java\javapath;C:\Program Files (x86)\Intel\iCLS Client\;C:\Program Files\Intel\iCLS Client\;C:\WINDOWS\system32;C:\WINDOWS;C:\WINDOWS\System32\Wbem;C:\WINDOWS\System32\WindowsPowerShell\v1.0\;C:\Program Files (x86)\Intel\Intel(R) Management Engine Components\DAL;C:\Program Files\Intel\Intel(R) Management Engine Components\DAL;C:\Program Files (x86)\Intel\Intel(R) Management Engine Components\IPT;C:\Program Files\Intel\Intel(R) Management Engine Components\IPT;C:\Program Files (x86)\GtkSharp\2.12\bin;C:\WINDOWS\System32\OpenSSH\;C:\Program Files (x86)\NVIDIA Corporation\PhysX\Common;C:\WINDOWS\system32;C:\WINDOWS;C:\WINDOWS\System32\Wbem;C:\WINDOWS\System32\WindowsPowerShell\v1.0\;C:\WINDOWS\System32\OpenSSH\;C:\Program Files\WorldPainter;C:\Program Files\dotnet\;C:\Program Files\nodejs\;C:\Windows\Microsoft.NET\Framework\v4.0.30319;C:\Program Files\Microsoft SQL Server\150\Tools\Binn\;C:\Program Files\Microsoft SQL Server\Client SDK\ODBC\170\Tools\Binn\;C:\Program Files\NVIDIA Corporation\NVIDIA NvDLISR;C:\Users\ERARD\AppData\Local\Programs\Python\Python310\Scripts\;C:\Users\ERARD\AppData\Local\Programs\Python\Python310\;C:\Users\ERARD\AppData\Local\Programs\Python\Python39\Scripts\;C:\Users\ERARD\AppData\Local\Programs\Python\Python39\;C:\Users\ERARD\AppData\Local\Microsoft\WindowsApps;C:\Users\ERARD\AppData\Roaming\Dashlane\4.6.6.23032\bin\Firefox_Extension\{442718d9-475e-452a-b3e1-fb1ee16b8e9f}\components;C:\Users\ERARD\AppData\Roaming\Dashlane\6.0.3.11395\bin\Firefox_Extension\{442718d9-475e-452a-b3e1-fb1ee16b8e9f}\components;C:\Users\ERARD\AppData\Roaming\Dashlane\6.0.3.11395\ucrt;C:\Users\ERARD\AppData\Roaming\Dashlane\6.0.3.11395\bin\Qt;C:\Users\ERARD\AppData\Roaming\Dashlane\6.0.3.11395\ucrt;C:\Users\ERARD\AppData\Roaming\Dashlane\6.0.3.11395\bin\Ssl;;C:\Users\ERARD\AppData\Local\Programs\Microsoft VS Code\bin;C:\Program Files\JetBrains\PyCharm Community Edition 2020.1.2\bin;;C:\Users\ERARD\.dotnet\tools;C:\Users\ERARD\AppData\Roaming\npm;C:\Program Files\JetBrains\IntelliJ IDEA Community Edition 2023.1.3\bin;;C:\Program Files\Java\jre-1.8\bin
Check launcher:	C:\Program Files\Common Files\Oracle\Java\javapath\bin\javaw.exe (not found)
Check launcher:	C:\Program Files (x86)\Common Files\Oracle\Java\javapath\bin\javaw.exe (not found)
Check launcher:	C:\VulkanSDK\1.3.216.0\bin\javaw.exe (not found)
Check launcher:	C:\ProgramData\Oracle\Java\javapath\bin\javaw.exe (not found)
Check launcher:	C:\Program Files (x86)\Intel\iCLS Client\bin\javaw.exe (not found)
Check launcher:	C:\Program Files\Intel\iCLS Client\bin\javaw.exe (not found)
Check launcher:	C:\WINDOWS\system32\bin\javaw.exe (not found)
Check launcher:	C:\WINDOWS\bin\javaw.exe (not found)
Check launcher:	C:\WINDOWS\System32\Wbem\bin\javaw.exe (not found)
Check launcher:	C:\WINDOWS\System32\WindowsPowerShell\v1.0\bin\javaw.exe (not found)
Check launcher:	C:\Program Files (x86)\Intel\Intel(R) Management Engine Components\DAL\bin\javaw.exe (not found)
Check launcher:	C:\Program Files\Intel\Intel(R) Management Engine Components\DAL\bin\javaw.exe (not found)
Check launcher:	C:\Program Files (x86)\Intel\Intel(R) Management Engine Components\IPT\bin\javaw.exe (not found)
Check launcher:	C:\Program Files\Intel\Intel(R) Management Engine Components\IPT\bin\javaw.exe (not found)
Check launcher:	C:\Program Files (x86)\GtkSharp\2.12\bin\javaw.exe (not found)
Check launcher:	C:\WINDOWS\System32\OpenSSH\bin\javaw.exe (not found)
Check launcher:	C:\Program Files (x86)\NVIDIA Corporation\PhysX\Common\bin\javaw.exe (not found)
Check launcher:	C:\WINDOWS\system32\bin\javaw.exe (not found)
Check launcher:	C:\WINDOWS\bin\javaw.exe (not found)
Check launcher:	C:\WINDOWS\System32\Wbem\bin\javaw.exe (not found)
Check launcher:	C:\WINDOWS\System32\WindowsPowerShell\v1.0\bin\javaw.exe (not found)
Check launcher:	C:\WINDOWS\System32\OpenSSH\bin\javaw.exe (not found)
Check launcher:	C:\Program Files\WorldPainter\bin\javaw.exe (not found)
Check launcher:	C:\Program Files\dotnet\bin\javaw.exe (not found)
Check launcher:	C:\Program Files\nodejs\bin\javaw.exe (not found)
Check launcher:	C:\Windows\Microsoft.NET\Framework\v4.0.30319\bin\javaw.exe (not found)
Check launcher:	C:\Program Files\Microsoft SQL Server\150\Tools\Binn\bin\javaw.exe (not found)
Check launcher:	C:\Program Files\Microsoft SQL Server\Client SDK\ODBC\170\Tools\Binn\bin\javaw.exe (not found)
Check launcher:	C:\Program Files\NVIDIA Corporation\NVIDIA NvDLISR\bin\javaw.exe (not found)
Check launcher:	C:\Users\ERARD\AppData\Local\Programs\Python\Python310\Scripts\bin\javaw.exe (not found)
Check launcher:	C:\Users\ERARD\AppData\Local\Programs\Python\Python310\bin\javaw.exe (not found)
Check launcher:	C:\Users\ERARD\AppData\Local\Programs\Python\Python39\Scripts\bin\javaw.exe (not found)
Check launcher:	C:\Users\ERARD\AppData\Local\Programs\Python\Python39\bin\javaw.exe (not found)
Check launcher:	C:\Users\ERARD\AppData\Local\Microsoft\WindowsApps\bin\javaw.exe (not found)
Check launcher:	C:\Users\ERARD\AppData\Roaming\Dashlane\4.6.6.23032\bin\Firefox_Extension\{442718d9-475e-452a-b3e1-fb1ee16b8e9f}\components\bin\javaw.exe (not found)
Check launcher:	C:\Users\ERARD\AppData\Roaming\Dashlane\6.0.3.11395\bin\Firefox_Extension\{442718d9-475e-452a-b3e1-fb1ee16b8e9f}\components\bin\javaw.exe (not found)
Check launcher:	C:\Users\ERARD\AppData\Roaming\Dashlane\6.0.3.11395\ucrt\bin\javaw.exe (not found)
Check launcher:	C:\Users\ERARD\AppData\Roaming\Dashlane\6.0.3.11395\bin\Qt\bin\javaw.exe (not found)
Check launcher:	C:\Users\ERARD\AppData\Roaming\Dashlane\6.0.3.11395\ucrt\bin\javaw.exe (not found)
Check launcher:	C:\Users\ERARD\AppData\Roaming\Dashlane\6.0.3.11395\bin\Ssl\bin\javaw.exe (not found)
Check launcher:	C:\Users\ERARD\AppData\Local\Programs\Microsoft VS Code\bin\javaw.exe (not found)
Check launcher:	C:\Program Files\JetBrains\PyCharm Community Edition 2020.1.2\bin\javaw.exe (not found)
Check launcher:	C:\Users\ERARD\.dotnet\tools\bin\javaw.exe (not found)
Check launcher:	C:\Users\ERARD\AppData\Roaming\npm\bin\javaw.exe (not found)
Check launcher:	C:\Program Files\JetBrains\IntelliJ IDEA Community Edition 2023.1.3\bin\javaw.exe (not found)
Check launcher:	C:\Program Files\Java\jre-1.8\bin\javaw.exe (OK)
Version string: 1.008.000_381 / 64-Bit (OK)
Launcher:	C:\Program Files\Java\jre-1.8\bin\javaw.exe
Launcher args:	-jar "C:\Users\ERARD\IdeaProjects\ResumeDeLivre\ResumeDeLivre.exe"
Args length:	66/32768 chars
Exit code:	0


Version:	3.50
CmdLine:	C:\Users\ERARD\IdeaProjects\ResumeDeLivre\ResumeDeLivre.exe --l4j-debug
JNI:		No
WOW64:		Yes
Working dir:	C:\Users\ERARD\IdeaProjects\ResumeDeLivre\.
Requires JDK:	No
Requires 64-Bit: No
Java min ver:	
Java max ver:	
Substitute:	JAVA_HOME = 
Substitute:	PATH = C:\Program Files\Common Files\Oracle\Java\javapath;C:\Program Files (x86)\Common Files\Oracle\Java\javapath;C:\VulkanSDK\1.3.216.0\Bin;C:\ProgramData\Oracle\Java\javapath;C:\Program Files (x86)\Intel\iCLS Client\;C:\Program Files\Intel\iCLS Client\;C:\WINDOWS\system32;C:\WINDOWS;C:\WINDOWS\System32\Wbem;C:\WINDOWS\System32\WindowsPowerShell\v1.0\;C:\Program Files (x86)\Intel\Intel(R) Management Engine Components\DAL;C:\Program Files\Intel\Intel(R) Management Engine Components\DAL;C:\Program Files (x86)\Intel\Intel(R) Management Engine Components\IPT;C:\Program Files\Intel\Intel(R) Management Engine Components\IPT;C:\Program Files (x86)\GtkSharp\2.12\bin;C:\WINDOWS\System32\OpenSSH\;C:\Program Files (x86)\NVIDIA Corporation\PhysX\Common;C:\WINDOWS\system32;C:\WINDOWS;C:\WINDOWS\System32\Wbem;C:\WINDOWS\System32\WindowsPowerShell\v1.0\;C:\WINDOWS\System32\OpenSSH\;C:\Program Files\WorldPainter;C:\Program Files\dotnet\;C:\Program Files\nodejs\;C:\Windows\Microsoft.NET\Framework\v4.0.30319;C:\Program Files\Microsoft SQL Server\150\Tools\Binn\;C:\Program Files\Microsoft SQL Server\Client SDK\ODBC\170\Tools\Binn\;C:\Program Files\NVIDIA Corporation\NVIDIA NvDLISR;C:\Users\ERARD\AppData\Local\Programs\Python\Python310\Scripts\;C:\Users\ERARD\AppData\Local\Programs\Python\Python310\;C:\Users\ERARD\AppData\Local\Programs\Python\Python39\Scripts\;C:\Users\ERARD\AppData\Local\Programs\Python\Python39\;C:\Users\ERARD\AppData\Local\Microsoft\WindowsApps;C:\Users\ERARD\AppData\Roaming\Dashlane\4.6.6.23032\bin\Firefox_Extension\{442718d9-475e-452a-b3e1-fb1ee16b8e9f}\components;C:\Users\ERARD\AppData\Roaming\Dashlane\6.0.3.11395\bin\Firefox_Extension\{442718d9-475e-452a-b3e1-fb1ee16b8e9f}\components;C:\Users\ERARD\AppData\Roaming\Dashlane\6.0.3.11395\ucrt;C:\Users\ERARD\AppData\Roaming\Dashlane\6.0.3.11395\bin\Qt;C:\Users\ERARD\AppData\Roaming\Dashlane\6.0.3.11395\ucrt;C:\Users\ERARD\AppData\Roaming\Dashlane\6.0.3.11395\bin\Ssl;;C:\Users\ERARD\AppData\Local\Programs\Microsoft VS Code\bin;C:\Program Files\JetBrains\PyCharm Community Edition 2020.1.2\bin;;C:\Users\ERARD\.dotnet\tools;C:\Users\ERARD\AppData\Roaming\npm;C:\Program Files\JetBrains\IntelliJ IDEA Community Edition 2023.1.3\bin;;C:\Program Files\Java\jre-1.8\bin
JRE paths:	;C:\Program Files\Common Files\Oracle\Java\javapath;C:\Program Files (x86)\Common Files\Oracle\Java\javapath;C:\VulkanSDK\1.3.216.0\Bin;C:\ProgramData\Oracle\Java\javapath;C:\Program Files (x86)\Intel\iCLS Client\;C:\Program Files\Intel\iCLS Client\;C:\WINDOWS\system32;C:\WINDOWS;C:\WINDOWS\System32\Wbem;C:\WINDOWS\System32\WindowsPowerShell\v1.0\;C:\Program Files (x86)\Intel\Intel(R) Management Engine Components\DAL;C:\Program Files\Intel\Intel(R) Management Engine Components\DAL;C:\Program Files (x86)\Intel\Intel(R) Management Engine Components\IPT;C:\Program Files\Intel\Intel(R) Management Engine Components\IPT;C:\Program Files (x86)\GtkSharp\2.12\bin;C:\WINDOWS\System32\OpenSSH\;C:\Program Files (x86)\NVIDIA Corporation\PhysX\Common;C:\WINDOWS\system32;C:\WINDOWS;C:\WINDOWS\System32\Wbem;C:\WINDOWS\System32\WindowsPowerShell\v1.0\;C:\WINDOWS\System32\OpenSSH\;C:\Program Files\WorldPainter;C:\Program Files\dotnet\;C:\Program Files\nodejs\;C:\Windows\Microsoft.NET\Framework\v4.0.30319;C:\Program Files\Microsoft SQL Server\150\Tools\Binn\;C:\Program Files\Microsoft SQL Server\Client SDK\ODBC\170\Tools\Binn\;C:\Program Files\NVIDIA Corporation\NVIDIA NvDLISR;C:\Users\ERARD\AppData\Local\Programs\Python\Python310\Scripts\;C:\Users\ERARD\AppData\Local\Programs\Python\Python310\;C:\Users\ERARD\AppData\Local\Programs\Python\Python39\Scripts\;C:\Users\ERARD\AppData\Local\Programs\Python\Python39\;C:\Users\ERARD\AppData\Local\Microsoft\WindowsApps;C:\Users\ERARD\AppData\Roaming\Dashlane\4.6.6.23032\bin\Firefox_Extension\{442718d9-475e-452a-b3e1-fb1ee16b8e9f}\components;C:\Users\ERARD\AppData\Roaming\Dashlane\6.0.3.11395\bin\Firefox_Extension\{442718d9-475e-452a-b3e1-fb1ee16b8e9f}\components;C:\Users\ERARD\AppData\Roaming\Dashlane\6.0.3.11395\ucrt;C:\Users\ERARD\AppData\Roaming\Dashlane\6.0.3.11395\bin\Qt;C:\Users\ERARD\AppData\Roaming\Dashlane\6.0.3.11395\ucrt;C:\Users\ERARD\AppData\Roaming\Dashlane\6.0.3.11395\bin\Ssl;;C:\Users\ERARD\AppData\Local\Programs\Microsoft VS Code\bin;C:\Program Files\JetBrains\PyCharm Community Edition 2020.1.2\bin;;C:\Users\ERARD\.dotnet\tools;C:\Users\ERARD\AppData\Roaming\npm;C:\Program Files\JetBrains\IntelliJ IDEA Community Edition 2023.1.3\bin;;C:\Program Files\Java\jre-1.8\bin
Check launcher:	C:\Program Files\Common Files\Oracle\Java\javapath\bin\javaw.exe (not found)
Check launcher:	C:\Program Files (x86)\Common Files\Oracle\Java\javapath\bin\javaw.exe (not found)
Check launcher:	C:\VulkanSDK\1.3.216.0\bin\javaw.exe (not found)
Check launcher:	C:\ProgramData\Oracle\Java\javapath\bin\javaw.exe (not found)
Check launcher:	C:\Program Files (x86)\Intel\iCLS Client\bin\javaw.exe (not found)
Check launcher:	C:\Program Files\Intel\iCLS Client\bin\javaw.exe (not found)
Check launcher:	C:\WINDOWS\system32\bin\javaw.exe (not found)
Check launcher:	C:\WINDOWS\bin\javaw.exe (not found)
Check launcher:	C:\WINDOWS\System32\Wbem\bin\javaw.exe (not found)
Check launcher:	C:\WINDOWS\System32\WindowsPowerShell\v1.0\bin\javaw.exe (not found)
Check launcher:	C:\Program Files (x86)\Intel\Intel(R) Management Engine Components\DAL\bin\javaw.exe (not found)
Check launcher:	C:\Program Files\Intel\Intel(R) Management Engine Components\DAL\bin\javaw.exe (not found)
Check launcher:	C:\Program Files (x86)\Intel\Intel(R) Management Engine Components\IPT\bin\javaw.exe (not found)
Check launcher:	C:\Program Files\Intel\Intel(R) Management Engine Components\IPT\bin\javaw.exe (not found)
Check launcher:	C:\Program Files (x86)\GtkSharp\2.12\bin\javaw.exe (not found)
Check launcher:	C:\WINDOWS\System32\OpenSSH\bin\javaw.exe (not found)
Check launcher:	C:\Program Files (x86)\NVIDIA Corporation\PhysX\Common\bin\javaw.exe (not found)
Check launcher:	C:\WINDOWS\system32\bin\javaw.exe (not found)
Check launcher:	C:\WINDOWS\bin\javaw.exe (not found)
Check launcher:	C:\WINDOWS\System32\Wbem\bin\javaw.exe (not found)
Check launcher:	C:\WINDOWS\System32\WindowsPowerShell\v1.0\bin\javaw.exe (not found)
Check launcher:	C:\WINDOWS\System32\OpenSSH\bin\javaw.exe (not found)
Check launcher:	C:\Program Files\WorldPainter\bin\javaw.exe (not found)
Check launcher:	C:\Program Files\dotnet\bin\javaw.exe (not found)
Check launcher:	C:\Program Files\nodejs\bin\javaw.exe (not found)
Check launcher:	C:\Windows\Microsoft.NET\Framework\v4.0.30319\bin\javaw.exe (not found)
Check launcher:	C:\Program Files\Microsoft SQL Server\150\Tools\Binn\bin\javaw.exe (not found)
Check launcher:	C:\Program Files\Microsoft SQL Server\Client SDK\ODBC\170\Tools\Binn\bin\javaw.exe (not found)
Check launcher:	C:\Program Files\NVIDIA Corporation\NVIDIA NvDLISR\bin\javaw.exe (not found)
Check launcher:	C:\Users\ERARD\AppData\Local\Programs\Python\Python310\Scripts\bin\javaw.exe (not found)
Check launcher:	C:\Users\ERARD\AppData\Local\Programs\Python\Python310\bin\javaw.exe (not found)
Check launcher:	C:\Users\ERARD\AppData\Local\Programs\Python\Python39\Scripts\bin\javaw.exe (not found)
Check launcher:	C:\Users\ERARD\AppData\Local\Programs\Python\Python39\bin\javaw.exe (not found)
Check launcher:	C:\Users\ERARD\AppData\Local\Microsoft\WindowsApps\bin\javaw.exe (not found)
Check launcher:	C:\Users\ERARD\AppData\Roaming\Dashlane\4.6.6.23032\bin\Firefox_Extension\{442718d9-475e-452a-b3e1-fb1ee16b8e9f}\components\bin\javaw.exe (not found)
Check launcher:	C:\Users\ERARD\AppData\Roaming\Dashlane\6.0.3.11395\bin\Firefox_Extension\{442718d9-475e-452a-b3e1-fb1ee16b8e9f}\components\bin\javaw.exe (not found)
Check launcher:	C:\Users\ERARD\AppData\Roaming\Dashlane\6.0.3.11395\ucrt\bin\javaw.exe (not found)
Check launcher:	C:\Users\ERARD\AppData\Roaming\Dashlane\6.0.3.11395\bin\Qt\bin\javaw.exe (not found)
Check launcher:	C:\Users\ERARD\AppData\Roaming\Dashlane\6.0.3.11395\ucrt\bin\javaw.exe (not found)
Check launcher:	C:\Users\ERARD\AppData\Roaming\Dashlane\6.0.3.11395\bin\Ssl\bin\javaw.exe (not found)
Check launcher:	C:\Users\ERARD\AppData\Local\Programs\Microsoft VS Code\bin\javaw.exe (not found)
Check launcher:	C:\Program Files\JetBrains\PyCharm Community Edition 2020.1.2\bin\javaw.exe (not found)
Check launcher:	C:\Users\ERARD\.dotnet\tools\bin\javaw.exe (not found)
Check launcher:	C:\Users\ERARD\AppData\Roaming\npm\bin\javaw.exe (not found)
Check launcher:	C:\Program Files\JetBrains\IntelliJ IDEA Community Edition 2023.1.3\bin\javaw.exe (not found)
Check launcher:	C:\Program Files\Java\jre-1.8\bin\javaw.exe (OK)
Version string: 1.008.000_381 / 64-Bit (OK)
Launcher:	C:\Program Files\Java\jre-1.8\bin\javaw.exe
Launcher args:	-jar "C:\Users\ERARD\IdeaProjects\ResumeDeLivre\ResumeDeLivre.exe"
Args length:	66/32768 chars
Exit code:	0


Version:	3.50
CmdLine:	C:\Users\ERARD\IdeaProjects\ResumeDeLivre\ResumeDeLivre.exe --l4j-debug
JNI:		No
WOW64:		Yes
Working dir:	C:\Users\ERARD\IdeaProjects\ResumeDeLivre\.
Requires JDK:	No
Requires 64-Bit: No
Java min ver:	
Java max ver:	
Substitute:	JAVA_HOME = 
Substitute:	PATH = C:\Program Files\Common Files\Oracle\Java\javapath;C:\Program Files (x86)\Common Files\Oracle\Java\javapath;C:\VulkanSDK\1.3.216.0\Bin;C:\ProgramData\Oracle\Java\javapath;C:\Program Files (x86)\Intel\iCLS Client\;C:\Program Files\Intel\iCLS Client\;C:\WINDOWS\system32;C:\WINDOWS;C:\WINDOWS\System32\Wbem;C:\WINDOWS\System32\WindowsPowerShell\v1.0\;C:\Program Files (x86)\Intel\Intel(R) Management Engine Components\DAL;C:\Program Files\Intel\Intel(R) Management Engine Components\DAL;C:\Program Files (x86)\Intel\Intel(R) Management Engine Components\IPT;C:\Program Files\Intel\Intel(R) Management Engine Components\IPT;C:\Program Files (x86)\GtkSharp\2.12\bin;C:\WINDOWS\System32\OpenSSH\;C:\Program Files (x86)\NVIDIA Corporation\PhysX\Common;C:\WINDOWS\system32;C:\WINDOWS;C:\WINDOWS\System32\Wbem;C:\WINDOWS\System32\WindowsPowerShell\v1.0\;C:\WINDOWS\System32\OpenSSH\;C:\Program Files\WorldPainter;C:\Program Files\dotnet\;C:\Program Files\nodejs\;C:\Windows\Microsoft.NET\Framework\v4.0.30319;C:\Program Files\Microsoft SQL Server\150\Tools\Binn\;C:\Program Files\Microsoft SQL Server\Client SDK\ODBC\170\Tools\Binn\;C:\Program Files\NVIDIA Corporation\NVIDIA NvDLISR;C:\Users\ERARD\AppData\Local\Programs\Python\Python310\Scripts\;C:\Users\ERARD\AppData\Local\Programs\Python\Python310\;C:\Users\ERARD\AppData\Local\Programs\Python\Python39\Scripts\;C:\Users\ERARD\AppData\Local\Programs\Python\Python39\;C:\Users\ERARD\AppData\Local\Microsoft\WindowsApps;C:\Users\ERARD\AppData\Roaming\Dashlane\4.6.6.23032\bin\Firefox_Extension\{442718d9-475e-452a-b3e1-fb1ee16b8e9f}\components;C:\Users\ERARD\AppData\Roaming\Dashlane\6.0.3.11395\bin\Firefox_Extension\{442718d9-475e-452a-b3e1-fb1ee16b8e9f}\components;C:\Users\ERARD\AppData\Roaming\Dashlane\6.0.3.11395\ucrt;C:\Users\ERARD\AppData\Roaming\Dashlane\6.0.3.11395\bin\Qt;C:\Users\ERARD\AppData\Roaming\Dashlane\6.0.3.11395\ucrt;C:\Users\ERARD\AppData\Roaming\Dashlane\6.0.3.11395\bin\Ssl;;C:\Users\ERARD\AppData\Local\Programs\Microsoft VS Code\bin;C:\Program Files\JetBrains\PyCharm Community Edition 2020.1.2\bin;;C:\Users\ERARD\.dotnet\tools;C:\Users\ERARD\AppData\Roaming\npm;C:\Program Files\JetBrains\IntelliJ IDEA Community Edition 2023.1.3\bin;;C:\Program Files\Java\jre-1.8\bin
JRE paths:	;C:\Program Files\Common Files\Oracle\Java\javapath;C:\Program Files (x86)\Common Files\Oracle\Java\javapath;C:\VulkanSDK\1.3.216.0\Bin;C:\ProgramData\Oracle\Java\javapath;C:\Program Files (x86)\Intel\iCLS Client\;C:\Program Files\Intel\iCLS Client\;C:\WINDOWS\system32;C:\WINDOWS;C:\WINDOWS\System32\Wbem;C:\WINDOWS\System32\WindowsPowerShell\v1.0\;C:\Program Files (x86)\Intel\Intel(R) Management Engine Components\DAL;C:\Program Files\Intel\Intel(R) Management Engine Components\DAL;C:\Program Files (x86)\Intel\Intel(R) Management Engine Components\IPT;C:\Program Files\Intel\Intel(R) Management Engine Components\IPT;C:\Program Files (x86)\GtkSharp\2.12\bin;C:\WINDOWS\System32\OpenSSH\;C:\Program Files (x86)\NVIDIA Corporation\PhysX\Common;C:\WINDOWS\system32;C:\WINDOWS;C:\WINDOWS\System32\Wbem;C:\WINDOWS\System32\WindowsPowerShell\v1.0\;C:\WINDOWS\System32\OpenSSH\;C:\Program Files\WorldPainter;C:\Program Files\dotnet\;C:\Program Files\nodejs\;C:\Windows\Microsoft.NET\Framework\v4.0.30319;C:\Program Files\Microsoft SQL Server\150\Tools\Binn\;C:\Program Files\Microsoft SQL Server\Client SDK\ODBC\170\Tools\Binn\;C:\Program Files\NVIDIA Corporation\NVIDIA NvDLISR;C:\Users\ERARD\AppData\Local\Programs\Python\Python310\Scripts\;C:\Users\ERARD\AppData\Local\Programs\Python\Python310\;C:\Users\ERARD\AppData\Local\Programs\Python\Python39\Scripts\;C:\Users\ERARD\AppData\Local\Programs\Python\Python39\;C:\Users\ERARD\AppData\Local\Microsoft\WindowsApps;C:\Users\ERARD\AppData\Roaming\Dashlane\4.6.6.23032\bin\Firefox_Extension\{442718d9-475e-452a-b3e1-fb1ee16b8e9f}\components;C:\Users\ERARD\AppData\Roaming\Dashlane\6.0.3.11395\bin\Firefox_Extension\{442718d9-475e-452a-b3e1-fb1ee16b8e9f}\components;C:\Users\ERARD\AppData\Roaming\Dashlane\6.0.3.11395\ucrt;C:\Users\ERARD\AppData\Roaming\Dashlane\6.0.3.11395\bin\Qt;C:\Users\ERARD\AppData\Roaming\Dashlane\6.0.3.11395\ucrt;C:\Users\ERARD\AppData\Roaming\Dashlane\6.0.3.11395\bin\Ssl;;C:\Users\ERARD\AppData\Local\Programs\Microsoft VS Code\bin;C:\Program Files\JetBrains\PyCharm Community Edition 2020.1.2\bin;;C:\Users\ERARD\.dotnet\tools;C:\Users\ERARD\AppData\Roaming\npm;C:\Program Files\JetBrains\IntelliJ IDEA Community Edition 2023.1.3\bin;;C:\Program Files\Java\jre-1.8\bin
Check launcher:	C:\Program Files\Common Files\Oracle\Java\javapath\bin\javaw.exe (not found)
Check launcher:	C:\Program Files (x86)\Common Files\Oracle\Java\javapath\bin\javaw.exe (not found)
Check launcher:	C:\VulkanSDK\1.3.216.0\bin\javaw.exe (not found)
Check launcher:	C:\ProgramData\Oracle\Java\javapath\bin\javaw.exe (not found)
Check launcher:	C:\Program Files (x86)\Intel\iCLS Client\bin\javaw.exe (not found)
Check launcher:	C:\Program Files\Intel\iCLS Client\bin\javaw.exe (not found)
Check launcher:	C:\WINDOWS\system32\bin\javaw.exe (not found)
Check launcher:	C:\WINDOWS\bin\javaw.exe (not found)
Check launcher:	C:\WINDOWS\System32\Wbem\bin\javaw.exe (not found)
Check launcher:	C:\WINDOWS\System32\WindowsPowerShell\v1.0\bin\javaw.exe (not found)
Check launcher:	C:\Program Files (x86)\Intel\Intel(R) Management Engine Components\DAL\bin\javaw.exe (not found)
Check launcher:	C:\Program Files\Intel\Intel(R) Management Engine Components\DAL\bin\javaw.exe (not found)
Check launcher:	C:\Program Files (x86)\Intel\Intel(R) Management Engine Components\IPT\bin\javaw.exe (not found)
Check launcher:	C:\Program Files\Intel\Intel(R) Management Engine Components\IPT\bin\javaw.exe (not found)
Check launcher:	C:\Program Files (x86)\GtkSharp\2.12\bin\javaw.exe (not found)
Check launcher:	C:\WINDOWS\System32\OpenSSH\bin\javaw.exe (not found)
Check launcher:	C:\Program Files (x86)\NVIDIA Corporation\PhysX\Common\bin\javaw.exe (not found)
Check launcher:	C:\WINDOWS\system32\bin\javaw.exe (not found)
Check launcher:	C:\WINDOWS\bin\javaw.exe (not found)
Check launcher:	C:\WINDOWS\System32\Wbem\bin\javaw.exe (not found)
Check launcher:	C:\WINDOWS\System32\WindowsPowerShell\v1.0\bin\javaw.exe (not found)
Check launcher:	C:\WINDOWS\System32\OpenSSH\bin\javaw.exe (not found)
Check launcher:	C:\Program Files\WorldPainter\bin\javaw.exe (not found)
Check launcher:	C:\Program Files\dotnet\bin\javaw.exe (not found)
Check launcher:	C:\Program Files\nodejs\bin\javaw.exe (not found)
Check launcher:	C:\Windows\Microsoft.NET\Framework\v4.0.30319\bin\javaw.exe (not found)
Check launcher:	C:\Program Files\Microsoft SQL Server\150\Tools\Binn\bin\javaw.exe (not found)
Check launcher:	C:\Program Files\Microsoft SQL Server\Client SDK\ODBC\170\Tools\Binn\bin\javaw.exe (not found)
Check launcher:	C:\Program Files\NVIDIA Corporation\NVIDIA NvDLISR\bin\javaw.exe (not found)
Check launcher:	C:\Users\ERARD\AppData\Local\Programs\Python\Python310\Scripts\bin\javaw.exe (not found)
Check launcher:	C:\Users\ERARD\AppData\Local\Programs\Python\Python310\bin\javaw.exe (not found)
Check launcher:	C:\Users\ERARD\AppData\Local\Programs\Python\Python39\Scripts\bin\javaw.exe (not found)
Check launcher:	C:\Users\ERARD\AppData\Local\Programs\Python\Python39\bin\javaw.exe (not found)
Check launcher:	C:\Users\ERARD\AppData\Local\Microsoft\WindowsApps\bin\javaw.exe (not found)
Check launcher:	C:\Users\ERARD\AppData\Roaming\Dashlane\4.6.6.23032\bin\Firefox_Extension\{442718d9-475e-452a-b3e1-fb1ee16b8e9f}\components\bin\javaw.exe (not found)
Check launcher:	C:\Users\ERARD\AppData\Roaming\Dashlane\6.0.3.11395\bin\Firefox_Extension\{442718d9-475e-452a-b3e1-fb1ee16b8e9f}\components\bin\javaw.exe (not found)
Check launcher:	C:\Users\ERARD\AppData\Roaming\Dashlane\6.0.3.11395\ucrt\bin\javaw.exe (not found)
Check launcher:	C:\Users\ERARD\AppData\Roaming\Dashlane\6.0.3.11395\bin\Qt\bin\javaw.exe (not found)
Check launcher:	C:\Users\ERARD\AppData\Roaming\Dashlane\6.0.3.11395\ucrt\bin\javaw.exe (not found)
Check launcher:	C:\Users\ERARD\AppData\Roaming\Dashlane\6.0.3.11395\bin\Ssl\bin\javaw.exe (not found)
Check launcher:	C:\Users\ERARD\AppData\Local\Programs\Microsoft VS Code\bin\javaw.exe (not found)
Check launcher:	C:\Program Files\JetBrains\PyCharm Community Edition 2020.1.2\bin\javaw.exe (not found)
Check launcher:	C:\Users\ERARD\.dotnet\tools\bin\javaw.exe (not found)
Check launcher:	C:\Users\ERARD\AppData\Roaming\npm\bin\javaw.exe (not found)
Check launcher:	C:\Program Files\JetBrains\IntelliJ IDEA Community Edition 2023.1.3\bin\javaw.exe (not found)
Check launcher:	C:\Program Files\Java\jre-1.8\bin\javaw.exe (OK)
Version string: 1.008.000_381 / 64-Bit (OK)
Launcher:	C:\Program Files\Java\jre-1.8\bin\javaw.exe
Launcher args:	-jar "C:\Users\ERARD\IdeaProjects\ResumeDeLivre\ResumeDeLivre.exe"
Args length:	66/32768 chars
Exit code:	0


Version:	3.50
CmdLine:	C:\Users\ERARD\IdeaProjects\ResumeDeLivre\ResumeDeLivre.exe --l4j-debug
JNI:		No
WOW64:		Yes
Working dir:	C:\Users\ERARD\IdeaProjects\ResumeDeLivre\.
Requires JDK:	No
Requires 64-Bit: No
Java min ver:	
Java max ver:	
Substitute:	JAVA_HOME = 
Substitute:	PATH = C:\Program Files\Common Files\Oracle\Java\javapath;C:\Program Files (x86)\Common Files\Oracle\Java\javapath;C:\VulkanSDK\1.3.216.0\Bin;C:\ProgramData\Oracle\Java\javapath;C:\Program Files (x86)\Intel\iCLS Client\;C:\Program Files\Intel\iCLS Client\;C:\WINDOWS\system32;C:\WINDOWS;C:\WINDOWS\System32\Wbem;C:\WINDOWS\System32\WindowsPowerShell\v1.0\;C:\Program Files (x86)\Intel\Intel(R) Management Engine Components\DAL;C:\Program Files\Intel\Intel(R) Management Engine Components\DAL;C:\Program Files (x86)\Intel\Intel(R) Management Engine Components\IPT;C:\Program Files\Intel\Intel(R) Management Engine Components\IPT;C:\Program Files (x86)\GtkSharp\2.12\bin;C:\WINDOWS\System32\OpenSSH\;C:\Program Files (x86)\NVIDIA Corporation\PhysX\Common;C:\WINDOWS\system32;C:\WINDOWS;C:\WINDOWS\System32\Wbem;C:\WINDOWS\System32\WindowsPowerShell\v1.0\;C:\WINDOWS\System32\OpenSSH\;C:\Program Files\WorldPainter;C:\Program Files\dotnet\;C:\Program Files\nodejs\;C:\Windows\Microsoft.NET\Framework\v4.0.30319;C:\Program Files\Microsoft SQL Server\150\Tools\Binn\;C:\Program Files\Microsoft SQL Server\Client SDK\ODBC\170\Tools\Binn\;C:\Program Files\NVIDIA Corporation\NVIDIA NvDLISR;C:\Users\ERARD\AppData\Local\Programs\Python\Python310\Scripts\;C:\Users\ERARD\AppData\Local\Programs\Python\Python310\;C:\Users\ERARD\AppData\Local\Programs\Python\Python39\Scripts\;C:\Users\ERARD\AppData\Local\Programs\Python\Python39\;C:\Users\ERARD\AppData\Local\Microsoft\WindowsApps;C:\Users\ERARD\AppData\Roaming\Dashlane\4.6.6.23032\bin\Firefox_Extension\{442718d9-475e-452a-b3e1-fb1ee16b8e9f}\components;C:\Users\ERARD\AppData\Roaming\Dashlane\6.0.3.11395\bin\Firefox_Extension\{442718d9-475e-452a-b3e1-fb1ee16b8e9f}\components;C:\Users\ERARD\AppData\Roaming\Dashlane\6.0.3.11395\ucrt;C:\Users\ERARD\AppData\Roaming\Dashlane\6.0.3.11395\bin\Qt;C:\Users\ERARD\AppData\Roaming\Dashlane\6.0.3.11395\ucrt;C:\Users\ERARD\AppData\Roaming\Dashlane\6.0.3.11395\bin\Ssl;;C:\Users\ERARD\AppData\Local\Programs\Microsoft VS Code\bin;C:\Program Files\JetBrains\PyCharm Community Edition 2020.1.2\bin;;C:\Users\ERARD\.dotnet\tools;C:\Users\ERARD\AppData\Roaming\npm;C:\Program Files\JetBrains\IntelliJ IDEA Community Edition 2023.1.3\bin;;C:\Program Files\Java\jre-1.8\bin
JRE paths:	;C:\Program Files\Common Files\Oracle\Java\javapath;C:\Program Files (x86)\Common Files\Oracle\Java\javapath;C:\VulkanSDK\1.3.216.0\Bin;C:\ProgramData\Oracle\Java\javapath;C:\Program Files (x86)\Intel\iCLS Client\;C:\Program Files\Intel\iCLS Client\;C:\WINDOWS\system32;C:\WINDOWS;C:\WINDOWS\System32\Wbem;C:\WINDOWS\System32\WindowsPowerShell\v1.0\;C:\Program Files (x86)\Intel\Intel(R) Management Engine Components\DAL;C:\Program Files\Intel\Intel(R) Management Engine Components\DAL;C:\Program Files (x86)\Intel\Intel(R) Management Engine Components\IPT;C:\Program Files\Intel\Intel(R) Management Engine Components\IPT;C:\Program Files (x86)\GtkSharp\2.12\bin;C:\WINDOWS\System32\OpenSSH\;C:\Program Files (x86)\NVIDIA Corporation\PhysX\Common;C:\WINDOWS\system32;C:\WINDOWS;C:\WINDOWS\System32\Wbem;C:\WINDOWS\System32\WindowsPowerShell\v1.0\;C:\WINDOWS\System32\OpenSSH\;C:\Program Files\WorldPainter;C:\Program Files\dotnet\;C:\Program Files\nodejs\;C:\Windows\Microsoft.NET\Framework\v4.0.30319;C:\Program Files\Microsoft SQL Server\150\Tools\Binn\;C:\Program Files\Microsoft SQL Server\Client SDK\ODBC\170\Tools\Binn\;C:\Program Files\NVIDIA Corporation\NVIDIA NvDLISR;C:\Users\ERARD\AppData\Local\Programs\Python\Python310\Scripts\;C:\Users\ERARD\AppData\Local\Programs\Python\Python310\;C:\Users\ERARD\AppData\Local\Programs\Python\Python39\Scripts\;C:\Users\ERARD\AppData\Local\Programs\Python\Python39\;C:\Users\ERARD\AppData\Local\Microsoft\WindowsApps;C:\Users\ERARD\AppData\Roaming\Dashlane\4.6.6.23032\bin\Firefox_Extension\{442718d9-475e-452a-b3e1-fb1ee16b8e9f}\components;C:\Users\ERARD\AppData\Roaming\Dashlane\6.0.3.11395\bin\Firefox_Extension\{442718d9-475e-452a-b3e1-fb1ee16b8e9f}\components;C:\Users\ERARD\AppData\Roaming\Dashlane\6.0.3.11395\ucrt;C:\Users\ERARD\AppData\Roaming\Dashlane\6.0.3.11395\bin\Qt;C:\Users\ERARD\AppData\Roaming\Dashlane\6.0.3.11395\ucrt;C:\Users\ERARD\AppData\Roaming\Dashlane\6.0.3.11395\bin\Ssl;;C:\Users\ERARD\AppData\Local\Programs\Microsoft VS Code\bin;C:\Program Files\JetBrains\PyCharm Community Edition 2020.1.2\bin;;C:\Users\ERARD\.dotnet\tools;C:\Users\ERARD\AppData\Roaming\npm;C:\Program Files\JetBrains\IntelliJ IDEA Community Edition 2023.1.3\bin;;C:\Program Files\Java\jre-1.8\bin
Check launcher:	C:\Program Files\Common Files\Oracle\Java\javapath\bin\javaw.exe (not found)
Check launcher:	C:\Program Files (x86)\Common Files\Oracle\Java\javapath\bin\javaw.exe (not found)
Check launcher:	C:\VulkanSDK\1.3.216.0\bin\javaw.exe (not found)
Check launcher:	C:\ProgramData\Oracle\Java\javapath\bin\javaw.exe (not found)
Check launcher:	C:\Program Files (x86)\Intel\iCLS Client\bin\javaw.exe (not found)
Check launcher:	C:\Program Files\Intel\iCLS Client\bin\javaw.exe (not found)
Check launcher:	C:\WINDOWS\system32\bin\javaw.exe (not found)
Check launcher:	C:\WINDOWS\bin\javaw.exe (not found)
Check launcher:	C:\WINDOWS\System32\Wbem\bin\javaw.exe (not found)
Check launcher:	C:\WINDOWS\System32\WindowsPowerShell\v1.0\bin\javaw.exe (not found)
Check launcher:	C:\Program Files (x86)\Intel\Intel(R) Management Engine Components\DAL\bin\javaw.exe (not found)
Check launcher:	C:\Program Files\Intel\Intel(R) Management Engine Components\DAL\bin\javaw.exe (not found)
Check launcher:	C:\Program Files (x86)\Intel\Intel(R) Management Engine Components\IPT\bin\javaw.exe (not found)
Check launcher:	C:\Program Files\Intel\Intel(R) Management Engine Components\IPT\bin\javaw.exe (not found)
Check launcher:	C:\Program Files (x86)\GtkSharp\2.12\bin\javaw.exe (not found)
Check launcher:	C:\WINDOWS\System32\OpenSSH\bin\javaw.exe (not found)
Check launcher:	C:\Program Files (x86)\NVIDIA Corporation\PhysX\Common\bin\javaw.exe (not found)
Check launcher:	C:\WINDOWS\system32\bin\javaw.exe (not found)
Check launcher:	C:\WINDOWS\bin\javaw.exe (not found)
Check launcher:	C:\WINDOWS\System32\Wbem\bin\javaw.exe (not found)
Check launcher:	C:\WINDOWS\System32\WindowsPowerShell\v1.0\bin\javaw.exe (not found)
Check launcher:	C:\WINDOWS\System32\OpenSSH\bin\javaw.exe (not found)
Check launcher:	C:\Program Files\WorldPainter\bin\javaw.exe (not found)
Check launcher:	C:\Program Files\dotnet\bin\javaw.exe (not found)
Check launcher:	C:\Program Files\nodejs\bin\javaw.exe (not found)
Check launcher:	C:\Windows\Microsoft.NET\Framework\v4.0.30319\bin\javaw.exe (not found)
Check launcher:	C:\Program Files\Microsoft SQL Server\150\Tools\Binn\bin\javaw.exe (not found)
Check launcher:	C:\Program Files\Microsoft SQL Server\Client SDK\ODBC\170\Tools\Binn\bin\javaw.exe (not found)
Check launcher:	C:\Program Files\NVIDIA Corporation\NVIDIA NvDLISR\bin\javaw.exe (not found)
Check launcher:	C:\Users\ERARD\AppData\Local\Programs\Python\Python310\Scripts\bin\javaw.exe (not found)
Check launcher:	C:\Users\ERARD\AppData\Local\Programs\Python\Python310\bin\javaw.exe (not found)
Check launcher:	C:\Users\ERARD\AppData\Local\Programs\Python\Python39\Scripts\bin\javaw.exe (not found)
Check launcher:	C:\Users\ERARD\AppData\Local\Programs\Python\Python39\bin\javaw.exe (not found)
Check launcher:	C:\Users\ERARD\AppData\Local\Microsoft\WindowsApps\bin\javaw.exe (not found)
Check launcher:	C:\Users\ERARD\AppData\Roaming\Dashlane\4.6.6.23032\bin\Firefox_Extension\{442718d9-475e-452a-b3e1-fb1ee16b8e9f}\components\bin\javaw.exe (not found)
Check launcher:	C:\Users\ERARD\AppData\Roaming\Dashlane\6.0.3.11395\bin\Firefox_Extension\{442718d9-475e-452a-b3e1-fb1ee16b8e9f}\components\bin\javaw.exe (not found)
Check launcher:	C:\Users\ERARD\AppData\Roaming\Dashlane\6.0.3.11395\ucrt\bin\javaw.exe (not found)
Check launcher:	C:\Users\ERARD\AppData\Roaming\Dashlane\6.0.3.11395\bin\Qt\bin\javaw.exe (not found)
Check launcher:	C:\Users\ERARD\AppData\Roaming\Dashlane\6.0.3.11395\ucrt\bin\javaw.exe (not found)
Check launcher:	C:\Users\ERARD\AppData\Roaming\Dashlane\6.0.3.11395\bin\Ssl\bin\javaw.exe (not found)
Check launcher:	C:\Users\ERARD\AppData\Local\Programs\Microsoft VS Code\bin\javaw.exe (not found)
Check launcher:	C:\Program Files\JetBrains\PyCharm Community Edition 2020.1.2\bin\javaw.exe (not found)
Check launcher:	C:\Users\ERARD\.dotnet\tools\bin\javaw.exe (not found)
Check launcher:	C:\Users\ERARD\AppData\Roaming\npm\bin\javaw.exe (not found)
Check launcher:	C:\Program Files\JetBrains\IntelliJ IDEA Community Edition 2023.1.3\bin\javaw.exe (not found)
Check launcher:	C:\Program Files\Java\jre-1.8\bin\javaw.exe (OK)
Version string: 1.008.000_381 / 64-Bit (OK)
Launcher:	C:\Program Files\Java\jre-1.8\bin\javaw.exe
Launcher args:	-jar "C:\Users\ERARD\IdeaProjects\ResumeDeLivre\ResumeDeLivre.exe"
Args length:	66/32768 chars
Exit code:	0
